INFO 2020-10-07 07:34:20,762 autoreload 597 Watching for file changes with StatReloader
WARNING 2020-10-07 07:34:28,892 log 228 Not Found: /
WARNING 2020-10-07 07:34:28,893 basehttp 154 "GET / HTTP/1.1" 404 7162
WARNING 2020-10-07 07:34:30,722 log 228 Not Found: /favicon.ico
WARNING 2020-10-07 07:34:30,768 basehttp 154 "GET /favicon.ico HTTP/1.1" 404 7213
WARNING 2020-10-07 07:40:42,127 log 228 Not Found: /
WARNING 2020-10-07 07:40:42,133 basehttp 154 "GET / HTTP/1.1" 404 7168
WARNING 2020-10-07 07:40:42,407 log 228 Not Found: /favicon.ico
WARNING 2020-10-07 07:40:42,408 basehttp 154 "GET /favicon.ico HTTP/1.1" 404 7219
INFO 2020-10-07 07:43:24,006 basehttp 154 "GET /carts/simple/ HTTP/1.1" 200 44
INFO 2020-10-07 07:43:27,923 basehttp 154 "GET /carts/simple/ HTTP/1.1" 200 44
INFO 2020-10-07 07:43:28,124 basehttp 154 "GET /hot/115/ HTTP/1.1" 200 562
INFO 2020-10-07 07:43:28,149 basehttp 154 "GET /list/115/skus/?page=1&page_size=5&ordering=-create_time HTTP/1.1" 200 1511
INFO 2020-10-07 07:43:54,336 basehttp 154 "GET /carts/simple/ HTTP/1.1" 200 44
INFO 2020-10-07 07:43:54,369 basehttp 154 "GET /list/115/skus/?page=1&page_size=5&ordering=-create_time HTTP/1.1" 200 1511
INFO 2020-10-07 07:43:54,428 basehttp 154 "GET /hot/115/ HTTP/1.1" 200 562
INFO 2020-10-07 07:44:31,710 basehttp 154 "OPTIONS /login/ HTTP/1.1" 200 0
INFO 2020-10-07 07:44:35,818 basehttp 154 "OPTIONS /login/ HTTP/1.1" 200 0
INFO 2020-10-07 07:44:48,294 basehttp 154 "OPTIONS /login/ HTTP/1.1" 200 0
INFO 2020-10-07 07:45:38,817 basehttp 154 "OPTIONS /login/ HTTP/1.1" 200 0
INFO 2020-10-07 07:45:39,136 basehttp 154 "POST /login/ HTTP/1.1" 200 27
INFO 2020-10-07 07:45:41,508 basehttp 154 "GET /carts/simple/ HTTP/1.1" 200 44
INFO 2020-10-07 07:46:04,750 basehttp 154 "GET /hot/115/ HTTP/1.1" 200 562
INFO 2020-10-07 07:46:04,776 basehttp 154 "GET /list/115/skus/?page=1&page_size=5&ordering=-create_time HTTP/1.1" 200 1511
INFO 2020-10-07 07:46:04,779 basehttp 154 "GET /carts/simple/ HTTP/1.1" 200 44
INFO 2020-10-07 07:46:11,070 basehttp 154 "OPTIONS /browse_histories/ HTTP/1.1" 200 0
INFO 2020-10-07 07:46:11,156 basehttp 154 "GET /carts/simple/ HTTP/1.1" 200 44
INFO 2020-10-07 07:46:11,294 basehttp 154 "POST /browse_histories/ HTTP/1.1" 200 27
INFO 2020-10-07 07:49:00,198 autoreload 597 Watching for file changes with StatReloader
INFO 2020-10-07 07:49:10,529 basehttp 154 "POST /browse_histories/ HTTP/1.1" 200 27
INFO 2020-10-07 07:49:10,531 basehttp 154 "GET /carts/simple/ HTTP/1.1" 200 44
INFO 2020-10-07 07:49:17,424 basehttp 154 "GET /carts/simple/ HTTP/1.1" 200 44
INFO 2020-10-07 07:49:17,428 basehttp 154 "POST /browse_histories/ HTTP/1.1" 200 27
INFO 2020-10-07 07:49:23,074 basehttp 154 "GET /carts/simple/ HTTP/1.1" 200 44
INFO 2020-10-07 07:49:23,197 basehttp 154 "POST /browse_histories/ HTTP/1.1" 200 27
INFO 2020-10-07 07:49:25,536 basehttp 154 "GET /carts/simple/ HTTP/1.1" 200 44
INFO 2020-10-07 07:52:26,430 autoreload 217 /home/ubuntu/Desktop/DRF/meiduo_code/meiduo_mall/meiduo_mall/apps/contents/models.py changed, reloading.
INFO 2020-10-07 07:52:29,052 autoreload 597 Watching for file changes with StatReloader
INFO 2020-10-07 07:56:42,278 autoreload 597 Watching for file changes with StatReloader
WARNING 2020-10-07 07:56:47,598 log 228 Not Found: /search/
WARNING 2020-10-07 07:56:47,599 basehttp 154 "GET /search/?q=apple&page=1&page_size=6 HTTP/1.1" 404 7242
INFO 2020-10-07 08:01:15,131 autoreload 597 Watching for file changes with StatReloader
WARNING 2020-10-07 08:01:20,327 log 228 Not Found: /search/
WARNING 2020-10-07 08:01:20,330 basehttp 154 "GET /search/?q=apple&page=1&page_size=6 HTTP/1.1" 404 7242
INFO 2020-10-07 08:04:18,025 autoreload 217 /home/ubuntu/Desktop/DRF/meiduo_code/meiduo_mall/meiduo_mall/apps/goods/views.py changed, reloading.
INFO 2020-10-07 08:04:19,182 autoreload 597 Watching for file changes with StatReloader
INFO 2020-10-07 08:04:34,549 basehttp 154 "GET /search/?q=apple&page=1&page_size=6 HTTP/1.1" 200 2
INFO 2020-10-07 08:04:42,122 basehttp 154 "GET /search/?q=apple&page=1&page_size=6 HTTP/1.1" 200 2
INFO 2020-10-07 08:26:27,605 autoreload 597 Watching for file changes with StatReloader
INFO 2020-10-07 08:26:35,157 basehttp 154 "GET /carts/simple/ HTTP/1.1" 200 44
INFO 2020-10-07 08:26:35,320 basehttp 154 "GET /hot/115/ HTTP/1.1" 200 562
INFO 2020-10-07 08:26:35,322 basehttp 154 "GET /list/115/skus/?page=1&page_size=5&ordering=-create_time HTTP/1.1" 200 1511
INFO 2020-10-07 08:26:45,482 basehttp 154 "GET /carts/simple/ HTTP/1.1" 200 44
INFO 2020-10-07 08:26:45,559 basehttp 154 "GET /hot/115/ HTTP/1.1" 200 562
INFO 2020-10-07 08:26:45,563 basehttp 154 "GET /list/115/skus/?page=1&page_size=5&ordering=-create_time HTTP/1.1" 200 1511
INFO 2020-10-07 08:26:54,603 basehttp 154 "GET /carts/simple/ HTTP/1.1" 200 44
INFO 2020-10-07 08:26:54,685 basehttp 154 "GET /hot/115/ HTTP/1.1" 200 562
INFO 2020-10-07 08:26:54,688 basehttp 154 "GET /list/115/skus/?page=1&page_size=5&ordering=-create_time HTTP/1.1" 200 1511
INFO 2020-10-07 08:27:17,585 basehttp 154 "GET /carts/simple/ HTTP/1.1" 200 44
INFO 2020-10-07 08:27:23,599 basehttp 154 "GET /hot/115/ HTTP/1.1" 200 562
INFO 2020-10-07 08:27:23,609 basehttp 154 "GET /carts/simple/ HTTP/1.1" 200 44
INFO 2020-10-07 08:27:23,613 basehttp 154 "GET /list/115/skus/?page=1&page_size=5&ordering=-create_time HTTP/1.1" 200 1511
INFO 2020-10-07 08:27:29,232 basehttp 154 "OPTIONS /browse_histories/ HTTP/1.1" 200 0
INFO 2020-10-07 08:27:29,250 basehttp 154 "GET /carts/simple/ HTTP/1.1" 200 44
INFO 2020-10-07 08:27:29,453 basehttp 154 "POST /browse_histories/ HTTP/1.1" 200 27
INFO 2020-10-07 08:27:35,451 basehttp 154 "POST /browse_histories/ HTTP/1.1" 200 27
INFO 2020-10-07 08:27:35,453 basehttp 154 "GET /carts/simple/ HTTP/1.1" 200 44
INFO 2020-10-07 08:29:39,143 autoreload 597 Watching for file changes with StatReloader
INFO 2020-10-07 08:29:42,595 basehttp 154 "GET /carts/simple/ HTTP/1.1" 200 44
INFO 2020-10-07 08:29:44,557 basehttp 154 "GET /carts/simple/ HTTP/1.1" 200 44
INFO 2020-10-07 08:29:44,607 basehttp 154 "GET /hot/115/ HTTP/1.1" 200 562
INFO 2020-10-07 08:29:44,619 basehttp 154 "GET /list/115/skus/?page=1&page_size=5&ordering=-create_time HTTP/1.1" 200 1511
INFO 2020-10-07 08:31:53,514 basehttp 154 "OPTIONS /meiduo_admin/authorizations/ HTTP/1.1" 200 0
INFO 2020-10-07 08:32:00,075 basehttp 154 "OPTIONS /meiduo_admin/authorizations/ HTTP/1.1" 200 0
INFO 2020-10-07 08:32:03,929 basehttp 154 "OPTIONS /meiduo_admin/authorizations/ HTTP/1.1" 200 0
INFO 2020-10-07 08:32:07,785 basehttp 154 "OPTIONS /meiduo_admin/authorizations/ HTTP/1.1" 200 0
INFO 2020-10-07 08:32:40,418 basehttp 154 "OPTIONS /meiduo_admin/authorizations/ HTTP/1.1" 200 0
INFO 2020-10-07 08:33:21,004 autoreload 217 /home/ubuntu/Desktop/DRF/meiduo_code/meiduo_mall/meiduo_mall/settings/dev.py changed, reloading.
INFO 2020-10-07 08:33:21,921 autoreload 597 Watching for file changes with StatReloader
INFO 2020-10-07 08:33:27,152 basehttp 154 "OPTIONS /meiduo_admin/authorizations/ HTTP/1.1" 200 0
INFO 2020-10-07 08:33:27,340 basehttp 154 "POST /meiduo_admin/authorizations/ HTTP/1.1" 201 209
INFO 2020-10-07 08:33:27,809 basehttp 154 "OPTIONS /meiduo_admin/statistical/total_count/ HTTP/1.1" 200 0
INFO 2020-10-07 08:33:27,897 basehttp 154 "OPTIONS /meiduo_admin/statistical/day_active/ HTTP/1.1" 200 0
INFO 2020-10-07 08:33:27,923 basehttp 154 "OPTIONS /meiduo_admin/statistical/day_active/ HTTP/1.1" 200 0
INFO 2020-10-07 08:33:27,923 basehttp 154 "OPTIONS /meiduo_admin/statistical/day_increment/ HTTP/1.1" 200 0
INFO 2020-10-07 08:33:27,949 basehttp 154 "OPTIONS /meiduo_admin/statistical/day_orders/ HTTP/1.1" 200 0
INFO 2020-10-07 08:33:27,951 basehttp 154 "OPTIONS /meiduo_admin/statistical/goods_day_views/ HTTP/1.1" 200 0
INFO 2020-10-07 08:33:27,986 basehttp 154 "OPTIONS /meiduo_admin/statistical/month_increment/ HTTP/1.1" 200 0
INFO 2020-10-07 08:33:27,995 basehttp 154 "OPTIONS /meiduo_admin/statistical/day_orders/ HTTP/1.1" 200 0
INFO 2020-10-07 08:33:28,030 basehttp 154 "GET /meiduo_admin/statistical/day_active/ HTTP/1.1" 200 31
WARNING 2020-10-07 08:33:28,076 log 228 Not Found: /meiduo_admin/statistical/total_count/
WARNING 2020-10-07 08:33:28,088 basehttp 154 "GET /meiduo_admin/statistical/total_count/ HTTP/1.1" 404 10397
WARNING 2020-10-07 08:33:28,103 log 228 Not Found: /meiduo_admin/statistical/day_increment/
WARNING 2020-10-07 08:33:28,110 basehttp 154 "GET /meiduo_admin/statistical/day_increment/ HTTP/1.1" 404 10403
INFO 2020-10-07 08:33:28,173 basehttp 154 "GET /meiduo_admin/statistical/day_orders/ HTTP/1.1" 200 31
INFO 2020-10-07 08:33:28,238 basehttp 154 "GET /meiduo_admin/statistical/day_active/ HTTP/1.1" 200 31
WARNING 2020-10-07 08:33:28,320 log 228 Not Found: /meiduo_admin/statistical/goods_day_views/
WARNING 2020-10-07 08:33:28,354 basehttp 154 "GET /meiduo_admin/statistical/goods_day_views/ HTTP/1.1" 404 10409
INFO 2020-10-07 08:33:28,392 basehttp 154 "GET /meiduo_admin/statistical/day_orders/ HTTP/1.1" 200 31
INFO 2020-10-07 08:33:28,613 basehttp 154 "GET /meiduo_admin/statistical/month_increment/ HTTP/1.1" 200 961
INFO 2020-10-07 08:49:36,124 basehttp 154 "OPTIONS /meiduo_admin/users/?page=1&pagesize=10&keyword= HTTP/1.1" 200 0
INFO 2020-10-07 08:49:36,495 basehttp 154 "GET /meiduo_admin/users/?page=1&pagesize=10&keyword= HTTP/1.1" 200 197
INFO 2020-10-07 08:49:41,118 basehttp 154 "OPTIONS /meiduo_admin/statistical/total_count/ HTTP/1.1" 200 0
INFO 2020-10-07 08:49:41,139 basehttp 154 "OPTIONS /meiduo_admin/statistical/day_increment/ HTTP/1.1" 200 0
INFO 2020-10-07 08:49:41,171 basehttp 154 "OPTIONS /meiduo_admin/statistical/day_orders/ HTTP/1.1" 200 0
INFO 2020-10-07 08:49:41,177 basehttp 154 "OPTIONS /meiduo_admin/statistical/goods_day_views/ HTTP/1.1" 200 0
INFO 2020-10-07 08:49:41,213 basehttp 154 "OPTIONS /meiduo_admin/statistical/day_active/ HTTP/1.1" 200 0
INFO 2020-10-07 08:49:41,235 basehttp 154 "OPTIONS /meiduo_admin/statistical/month_increment/ HTTP/1.1" 200 0
INFO 2020-10-07 08:49:41,245 basehttp 154 "OPTIONS /meiduo_admin/statistical/day_active/ HTTP/1.1" 200 0
INFO 2020-10-07 08:49:41,268 basehttp 154 "OPTIONS /meiduo_admin/statistical/day_orders/ HTTP/1.1" 200 0
WARNING 2020-10-07 08:49:41,301 log 228 Not Found: /meiduo_admin/statistical/goods_day_views/
WARNING 2020-10-07 08:49:41,311 log 228 Not Found: /meiduo_admin/statistical/total_count/
WARNING 2020-10-07 08:49:41,349 basehttp 154 "GET /meiduo_admin/statistical/total_count/ HTTP/1.1" 404 10397
INFO 2020-10-07 08:49:41,356 basehttp 154 "GET /meiduo_admin/statistical/day_active/ HTTP/1.1" 200 31
WARNING 2020-10-07 08:49:41,348 basehttp 154 "GET /meiduo_admin/statistical/goods_day_views/ HTTP/1.1" 404 10409
WARNING 2020-10-07 08:49:41,316 log 228 Not Found: /meiduo_admin/statistical/day_increment/
WARNING 2020-10-07 08:49:41,366 basehttp 154 "GET /meiduo_admin/statistical/day_increment/ HTTP/1.1" 404 10403
INFO 2020-10-07 08:49:41,363 basehttp 154 "GET /meiduo_admin/statistical/day_orders/ HTTP/1.1" 200 31
INFO 2020-10-07 08:49:41,498 basehttp 154 "GET /meiduo_admin/statistical/day_orders/ HTTP/1.1" 200 31
INFO 2020-10-07 08:49:41,499 basehttp 154 "GET /meiduo_admin/statistical/day_active/ HTTP/1.1" 200 31
INFO 2020-10-07 08:49:41,623 basehttp 154 "GET /meiduo_admin/statistical/month_increment/ HTTP/1.1" 200 961
INFO 2020-10-07 08:50:07,747 basehttp 154 "GET /meiduo_admin/users/?page=1&pagesize=10&keyword= HTTP/1.1" 200 197
WARNING 2020-10-07 08:50:09,550 log 228 Not Found: /meiduo_admin/statistical/goods_day_views/
WARNING 2020-10-07 08:50:09,558 log 228 Not Found: /meiduo_admin/statistical/total_count/
WARNING 2020-10-07 08:50:09,568 basehttp 154 "GET /meiduo_admin/statistical/total_count/ HTTP/1.1" 404 10397
WARNING 2020-10-07 08:50:09,567 basehttp 154 "GET /meiduo_admin/statistical/goods_day_views/ HTTP/1.1" 404 10409
WARNING 2020-10-07 08:50:09,582 log 228 Not Found: /meiduo_admin/statistical/day_increment/
WARNING 2020-10-07 08:50:09,600 basehttp 154 "GET /meiduo_admin/statistical/day_increment/ HTTP/1.1" 404 10403
INFO 2020-10-07 08:50:09,611 basehttp 154 "GET /meiduo_admin/statistical/day_active/ HTTP/1.1" 200 31
INFO 2020-10-07 08:50:09,627 basehttp 154 "GET /meiduo_admin/statistical/day_orders/ HTTP/1.1" 200 31
INFO 2020-10-07 08:50:09,701 basehttp 154 "GET /meiduo_admin/statistical/day_active/ HTTP/1.1" 200 31
INFO 2020-10-07 08:50:09,704 basehttp 154 "GET /meiduo_admin/statistical/day_orders/ HTTP/1.1" 200 31
INFO 2020-10-07 08:50:09,833 basehttp 154 "GET /meiduo_admin/statistical/month_increment/ HTTP/1.1" 200 961
INFO 2020-10-07 08:50:11,673 basehttp 154 "GET /meiduo_admin/users/?page=1&pagesize=10&keyword= HTTP/1.1" 200 197
WARNING 2020-10-07 08:50:17,192 log 228 Not Found: /meiduo_admin/statistical/goods_day_views/
INFO 2020-10-07 08:50:17,224 basehttp 154 "GET /meiduo_admin/statistical/day_active/ HTTP/1.1" 200 31
WARNING 2020-10-07 08:50:17,228 basehttp 154 "GET /meiduo_admin/statistical/goods_day_views/ HTTP/1.1" 404 10409
WARNING 2020-10-07 08:50:17,260 log 228 Not Found: /meiduo_admin/statistical/day_increment/
WARNING 2020-10-07 08:50:17,272 log 228 Not Found: /meiduo_admin/statistical/total_count/
INFO 2020-10-07 08:50:17,302 basehttp 154 "GET /meiduo_admin/statistical/day_orders/ HTTP/1.1" 200 31
WARNING 2020-10-07 08:50:17,291 basehttp 154 "GET /meiduo_admin/statistical/day_increment/ HTTP/1.1" 404 10403
WARNING 2020-10-07 08:50:17,306 basehttp 154 "GET /meiduo_admin/statistical/total_count/ HTTP/1.1" 404 10397
INFO 2020-10-07 08:50:17,359 basehttp 154 "GET /meiduo_admin/statistical/day_orders/ HTTP/1.1" 200 31
INFO 2020-10-07 08:50:17,360 basehttp 154 "GET /meiduo_admin/statistical/day_active/ HTTP/1.1" 200 31
INFO 2020-10-07 08:50:17,438 basehttp 154 "GET /meiduo_admin/statistical/month_increment/ HTTP/1.1" 200 961
INFO 2020-10-07 12:59:26,880 basehttp 154 "OPTIONS /meiduo_admin/users/?page=1&pagesize=10&keyword= HTTP/1.1" 200 0
INFO 2020-10-07 12:59:28,240 basehttp 154 "GET /meiduo_admin/users/?page=1&pagesize=10&keyword= HTTP/1.1" 200 197
INFO 2020-10-07 12:59:47,344 basehttp 154 "OPTIONS /meiduo_admin/users/?page=1&pagesize=10&keyword=p HTTP/1.1" 200 0
INFO 2020-10-07 12:59:47,694 basehttp 154 "GET /meiduo_admin/users/?page=1&pagesize=10&keyword=p HTTP/1.1" 200 134
INFO 2020-10-07 12:59:54,369 basehttp 154 "GET /meiduo_admin/users/?page=1&pagesize=10&keyword= HTTP/1.1" 200 197
INFO 2020-10-07 12:59:59,012 basehttp 154 "OPTIONS /meiduo_admin/users/?page=1&pagesize=10&keyword=i HTTP/1.1" 200 0
INFO 2020-10-07 12:59:59,128 basehttp 154 "GET /meiduo_admin/users/?page=1&pagesize=10&keyword=i HTTP/1.1" 200 117
INFO 2020-10-07 13:01:12,377 basehttp 154 "OPTIONS /meiduo_admin/goods/simple/ HTTP/1.1" 200 0
INFO 2020-10-07 13:01:12,379 basehttp 154 "OPTIONS /meiduo_admin/skus/?page=1&pagesize=10&keyword= HTTP/1.1" 200 0
INFO 2020-10-07 13:01:12,380 basehttp 154 "OPTIONS /meiduo_admin/goods/simple/ HTTP/1.1" 200 0
WARNING 2020-10-07 13:01:12,748 log 228 Not Found: /meiduo_admin/goods/simple/
WARNING 2020-10-07 13:01:12,762 basehttp 154 "GET /meiduo_admin/goods/simple/ HTTP/1.1" 404 10364
WARNING 2020-10-07 13:01:12,772 log 228 Not Found: /meiduo_admin/skus/
WARNING 2020-10-07 13:01:12,773 basehttp 154 "GET /meiduo_admin/skus/?page=1&pagesize=10&keyword= HTTP/1.1" 404 10376
WARNING 2020-10-07 13:01:12,865 log 228 Not Found: /meiduo_admin/goods/simple/
WARNING 2020-10-07 13:01:12,866 basehttp 154 "GET /meiduo_admin/goods/simple/ HTTP/1.1" 404 10364
INFO 2020-10-07 13:01:21,071 basehttp 154 "OPTIONS /meiduo_admin/skus/simple/ HTTP/1.1" 200 0
INFO 2020-10-07 13:01:21,135 basehttp 154 "OPTIONS /meiduo_admin/skus/images/?page=1&pagesize=10 HTTP/1.1" 200 0
INFO 2020-10-07 13:01:21,136 basehttp 154 "OPTIONS /meiduo_admin/skus/simple/ HTTP/1.1" 200 0
WARNING 2020-10-07 13:01:22,163 log 228 Unauthorized: /meiduo_admin/skus/simple/
WARNING 2020-10-07 13:01:22,347 basehttp 154 "GET /meiduo_admin/skus/simple/ HTTP/1.1" 401 38
WARNING 2020-10-07 13:01:22,810 log 228 Unauthorized: /meiduo_admin/skus/simple/
WARNING 2020-10-07 13:01:22,811 basehttp 154 "GET /meiduo_admin/skus/simple/ HTTP/1.1" 401 38
INFO 2020-10-07 13:01:23,125 basehttp 154 "GET /meiduo_admin/skus/images/?page=1&pagesize=10 HTTP/1.1" 200 851
INFO 2020-10-07 13:01:37,008 basehttp 154 "OPTIONS /meiduo_admin/skus/images/?page=2&pagesize=10 HTTP/1.1" 200 0
INFO 2020-10-07 13:01:37,605 basehttp 154 "GET /meiduo_admin/skus/images/?page=2&pagesize=10 HTTP/1.1" 200 941
INFO 2020-10-07 13:01:44,225 basehttp 154 "GET /meiduo_admin/skus/images/?page=1&pagesize=10 HTTP/1.1" 200 851
INFO 2020-10-07 13:30:51,260 autoreload 597 Watching for file changes with StatReloader
INFO 2020-10-07 13:30:58,580 basehttp 154 "OPTIONS /meiduo_admin/authorizations/ HTTP/1.1" 200 0
INFO 2020-10-07 13:30:59,037 basehttp 154 "POST /meiduo_admin/authorizations/ HTTP/1.1" 201 209
INFO 2020-10-07 13:31:00,464 basehttp 154 "OPTIONS /meiduo_admin/statistical/total_count/ HTTP/1.1" 200 0
INFO 2020-10-07 13:31:00,492 basehttp 154 "OPTIONS /meiduo_admin/statistical/day_active/ HTTP/1.1" 200 0
INFO 2020-10-07 13:31:00,531 basehttp 154 "OPTIONS /meiduo_admin/statistical/day_orders/ HTTP/1.1" 200 0
INFO 2020-10-07 13:31:00,539 basehttp 154 "OPTIONS /meiduo_admin/statistical/day_increment/ HTTP/1.1" 200 0
INFO 2020-10-07 13:31:00,549 basehttp 154 "OPTIONS /meiduo_admin/statistical/day_orders/ HTTP/1.1" 200 0
INFO 2020-10-07 13:31:00,557 basehttp 154 "OPTIONS /meiduo_admin/statistical/goods_day_views/ HTTP/1.1" 200 0
INFO 2020-10-07 13:31:00,558 basehttp 154 "OPTIONS /meiduo_admin/statistical/day_active/ HTTP/1.1" 200 0
INFO 2020-10-07 13:31:00,572 basehttp 154 "OPTIONS /meiduo_admin/statistical/month_increment/ HTTP/1.1" 200 0
WARNING 2020-10-07 13:31:01,144 log 228 Not Found: /meiduo_admin/statistical/total_count/
WARNING 2020-10-07 13:31:01,152 log 228 Not Found: /meiduo_admin/statistical/day_increment/
WARNING 2020-10-07 13:31:01,191 basehttp 154 "GET /meiduo_admin/statistical/total_count/ HTTP/1.1" 404 10397
WARNING 2020-10-07 13:31:01,195 basehttp 154 "GET /meiduo_admin/statistical/day_increment/ HTTP/1.1" 404 10403
INFO 2020-10-07 13:31:01,198 basehttp 154 "GET /meiduo_admin/statistical/day_orders/ HTTP/1.1" 200 31
INFO 2020-10-07 13:31:01,247 basehttp 154 "GET /meiduo_admin/statistical/day_active/ HTTP/1.1" 200 31
WARNING 2020-10-07 13:31:01,324 log 228 Not Found: /meiduo_admin/statistical/goods_day_views/
WARNING 2020-10-07 13:31:01,332 basehttp 154 "GET /meiduo_admin/statistical/goods_day_views/ HTTP/1.1" 404 10409
INFO 2020-10-07 13:31:01,450 basehttp 154 "GET /meiduo_admin/statistical/day_orders/ HTTP/1.1" 200 31
INFO 2020-10-07 13:31:01,640 basehttp 154 "GET /meiduo_admin/statistical/day_active/ HTTP/1.1" 200 31
INFO 2020-10-07 13:31:01,869 basehttp 154 "GET /meiduo_admin/statistical/month_increment/ HTTP/1.1" 200 961
INFO 2020-10-07 13:34:22,944 basehttp 154 "GET /carts/simple/ HTTP/1.1" 200 44
INFO 2020-10-07 13:34:48,378 basehttp 154 "GET /carts/simple/ HTTP/1.1" 200 44
INFO 2020-10-07 13:35:16,191 basehttp 154 "GET /carts/simple/ HTTP/1.1" 200 44
INFO 2020-10-07 13:35:24,776 basehttp 154 "GET /carts/simple/ HTTP/1.1" 200 44
INFO 2020-10-07 13:35:24,820 basehttp 154 "GET /list/115/skus/?page=1&page_size=5&ordering=-create_time HTTP/1.1" 200 1511
INFO 2020-10-07 13:35:24,824 basehttp 154 "GET /hot/115/ HTTP/1.1" 200 562
INFO 2020-10-07 13:35:27,283 basehttp 154 "OPTIONS /browse_histories/ HTTP/1.1" 200 0
INFO 2020-10-07 13:35:27,385 basehttp 154 "GET /carts/simple/ HTTP/1.1" 200 44
INFO 2020-10-07 13:35:27,615 basehttp 154 "POST /browse_histories/ HTTP/1.1" 200 27
INFO 2020-10-07 13:43:06,547 basehttp 154 "OPTIONS /meiduo_admin/skus/simple/ HTTP/1.1" 200 0
INFO 2020-10-07 13:43:06,553 basehttp 154 "OPTIONS /meiduo_admin/skus/images/?page=1&pagesize=10 HTTP/1.1" 200 0
INFO 2020-10-07 13:43:06,554 basehttp 154 "OPTIONS /meiduo_admin/skus/simple/ HTTP/1.1" 200 0
WARNING 2020-10-07 13:43:06,620 log 228 Unauthorized: /meiduo_admin/skus/simple/
WARNING 2020-10-07 13:43:06,620 basehttp 154 "GET /meiduo_admin/skus/simple/ HTTP/1.1" 401 38
WARNING 2020-10-07 13:43:06,673 log 228 Unauthorized: /meiduo_admin/skus/simple/
WARNING 2020-10-07 13:43:06,673 basehttp 154 "GET /meiduo_admin/skus/simple/ HTTP/1.1" 401 38
INFO 2020-10-07 13:43:06,802 basehttp 154 "GET /meiduo_admin/skus/images/?page=1&pagesize=10 HTTP/1.1" 200 851
INFO 2020-10-07 13:43:14,972 basehttp 154 "OPTIONS /meiduo_admin/goods/simple/ HTTP/1.1" 200 0
INFO 2020-10-07 13:43:14,978 basehttp 154 "OPTIONS /meiduo_admin/skus/?page=1&pagesize=10&keyword= HTTP/1.1" 200 0
INFO 2020-10-07 13:43:14,983 basehttp 154 "OPTIONS /meiduo_admin/goods/simple/ HTTP/1.1" 200 0
WARNING 2020-10-07 13:43:15,069 log 228 Not Found: /meiduo_admin/goods/simple/
WARNING 2020-10-07 13:43:15,071 log 228 Not Found: /meiduo_admin/skus/
WARNING 2020-10-07 13:43:15,072 basehttp 154 "GET /meiduo_admin/skus/?page=1&pagesize=10&keyword= HTTP/1.1" 404 10376
WARNING 2020-10-07 13:43:15,073 basehttp 154 "GET /meiduo_admin/goods/simple/ HTTP/1.1" 404 10364
WARNING 2020-10-07 13:43:15,144 log 228 Not Found: /meiduo_admin/goods/simple/
WARNING 2020-10-07 13:43:15,150 basehttp 154 "GET /meiduo_admin/goods/simple/ HTTP/1.1" 404 10364
WARNING 2020-10-07 13:43:19,261 log 228 Unauthorized: /meiduo_admin/skus/simple/
WARNING 2020-10-07 13:43:19,272 basehttp 154 "GET /meiduo_admin/skus/simple/ HTTP/1.1" 401 38
WARNING 2020-10-07 13:43:19,277 log 228 Unauthorized: /meiduo_admin/skus/simple/
WARNING 2020-10-07 13:43:19,278 basehttp 154 "GET /meiduo_admin/skus/simple/ HTTP/1.1" 401 38
INFO 2020-10-07 13:43:19,345 basehttp 154 "GET /meiduo_admin/skus/images/?page=1&pagesize=10 HTTP/1.1" 200 851
INFO 2020-10-07 13:43:26,109 basehttp 154 "OPTIONS /meiduo_admin/skus/images/?page=2&pagesize=10 HTTP/1.1" 200 0
INFO 2020-10-07 13:43:26,180 basehttp 154 "GET /meiduo_admin/skus/images/?page=2&pagesize=10 HTTP/1.1" 200 941
INFO 2020-10-07 13:43:27,115 basehttp 154 "GET /meiduo_admin/skus/images/?page=1&pagesize=10 HTTP/1.1" 200 851
INFO 2020-10-07 13:43:29,087 basehttp 154 "OPTIONS /meiduo_admin/skus/images/?page=3&pagesize=10 HTTP/1.1" 200 0
INFO 2020-10-07 13:43:29,196 basehttp 154 "GET /meiduo_admin/skus/images/?page=3&pagesize=10 HTTP/1.1" 200 980
INFO 2020-10-07 13:43:30,545 basehttp 154 "GET /meiduo_admin/skus/images/?page=1&pagesize=10 HTTP/1.1" 200 851
INFO 2020-10-07 13:43:31,374 basehttp 154 "OPTIONS /meiduo_admin/skus/images/?page=4&pagesize=10 HTTP/1.1" 200 0
INFO 2020-10-07 13:43:31,484 basehttp 154 "GET /meiduo_admin/skus/images/?page=4&pagesize=10 HTTP/1.1" 200 981
INFO 2020-10-07 13:43:32,168 basehttp 154 "OPTIONS /meiduo_admin/skus/images/?page=5&pagesize=10 HTTP/1.1" 200 0
INFO 2020-10-07 13:43:32,276 basehttp 154 "GET /meiduo_admin/skus/images/?page=5&pagesize=10 HTTP/1.1" 200 978
INFO 2020-10-07 13:43:33,540 basehttp 154 "GET /meiduo_admin/skus/images/?page=1&pagesize=10 HTTP/1.1" 200 851
INFO 2020-10-07 13:45:56,859 basehttp 154 "OPTIONS /meiduo_admin/skus/images/ HTTP/1.1" 200 0
WARNING 2020-10-07 13:45:56,971 log 228 Unauthorized: /meiduo_admin/skus/images/
WARNING 2020-10-07 13:45:56,978 basehttp 154 "POST /meiduo_admin/skus/images/ HTTP/1.1" 401 38
WARNING 2020-10-07 13:46:02,929 log 228 Unauthorized: /meiduo_admin/skus/images/
WARNING 2020-10-07 13:46:02,937 basehttp 154 "POST /meiduo_admin/skus/images/ HTTP/1.1" 401 38
INFO 2020-10-07 13:51:00,638 basehttp 154 "GET /meiduo_admin/skus/simple/ HTTP/1.1" 200 1466
INFO 2020-10-07 13:51:00,877 basehttp 154 "GET /meiduo_admin/skus/simple/ HTTP/1.1" 200 1466
INFO 2020-10-07 13:51:00,980 basehttp 154 "GET /meiduo_admin/skus/images/?page=1&pagesize=10 HTTP/1.1" 200 851
INFO 2020-10-07 23:29:09,527 autoreload 597 Watching for file changes with StatReloader
INFO 2020-10-07 23:30:37,976 basehttp 154 "OPTIONS /meiduo_admin/authorizations/ HTTP/1.1" 200 0
INFO 2020-10-07 23:30:38,303 basehttp 154 "POST /meiduo_admin/authorizations/ HTTP/1.1" 201 209
INFO 2020-10-07 23:30:38,494 basehttp 154 "OPTIONS /meiduo_admin/statistical/total_count/ HTTP/1.1" 200 0
INFO 2020-10-07 23:30:38,503 basehttp 154 "OPTIONS /meiduo_admin/statistical/day_increment/ HTTP/1.1" 200 0
INFO 2020-10-07 23:30:38,542 basehttp 154 "OPTIONS /meiduo_admin/statistical/day_active/ HTTP/1.1" 200 0
INFO 2020-10-07 23:30:38,552 basehttp 154 "OPTIONS /meiduo_admin/statistical/day_orders/ HTTP/1.1" 200 0
INFO 2020-10-07 23:30:38,561 basehttp 154 "OPTIONS /meiduo_admin/statistical/month_increment/ HTTP/1.1" 200 0
INFO 2020-10-07 23:30:38,589 basehttp 154 "OPTIONS /meiduo_admin/statistical/day_active/ HTTP/1.1" 200 0
INFO 2020-10-07 23:30:38,631 basehttp 154 "OPTIONS /meiduo_admin/statistical/day_orders/ HTTP/1.1" 200 0
WARNING 2020-10-07 23:30:38,639 log 228 Not Found: /meiduo_admin/statistical/day_increment/
WARNING 2020-10-07 23:30:38,641 log 228 Not Found: /meiduo_admin/statistical/total_count/
INFO 2020-10-07 23:30:38,657 basehttp 154 "OPTIONS /meiduo_admin/statistical/goods_day_views/ HTTP/1.1" 200 0
WARNING 2020-10-07 23:30:38,663 basehttp 154 "GET /meiduo_admin/statistical/day_increment/ HTTP/1.1" 404 10403
INFO 2020-10-07 23:30:38,666 basehttp 154 "GET /meiduo_admin/statistical/day_active/ HTTP/1.1" 200 31
WARNING 2020-10-07 23:30:38,667 basehttp 154 "GET /meiduo_admin/statistical/total_count/ HTTP/1.1" 404 10397
INFO 2020-10-07 23:30:38,692 basehttp 154 "GET /meiduo_admin/statistical/day_orders/ HTTP/1.1" 200 31
INFO 2020-10-07 23:30:38,872 basehttp 154 "GET /meiduo_admin/statistical/day_active/ HTTP/1.1" 200 31
WARNING 2020-10-07 23:30:38,877 log 228 Not Found: /meiduo_admin/statistical/goods_day_views/
WARNING 2020-10-07 23:30:38,910 basehttp 154 "GET /meiduo_admin/statistical/goods_day_views/ HTTP/1.1" 404 10409
INFO 2020-10-07 23:30:38,912 basehttp 154 "GET /meiduo_admin/statistical/day_orders/ HTTP/1.1" 200 31
INFO 2020-10-07 23:30:39,013 basehttp 154 "GET /meiduo_admin/statistical/month_increment/ HTTP/1.1" 200 961
INFO 2020-10-07 23:30:45,910 basehttp 154 "OPTIONS /meiduo_admin/permission/content_types/ HTTP/1.1" 200 0
INFO 2020-10-07 23:30:45,914 basehttp 154 "OPTIONS /meiduo_admin/permission/content_types/ HTTP/1.1" 200 0
INFO 2020-10-07 23:30:45,920 basehttp 154 "OPTIONS /meiduo_admin/permission/perms/?page=1&pagesize=10 HTTP/1.1" 200 0
INFO 2020-10-07 23:30:46,221 basehttp 154 "GET /meiduo_admin/permission/content_types/ HTTP/1.1" 200 771
INFO 2020-10-07 23:30:46,240 basehttp 154 "GET /meiduo_admin/permission/perms/?page=1&pagesize=10 HTTP/1.1" 200 455
INFO 2020-10-07 23:30:46,285 basehttp 154 "GET /meiduo_admin/permission/content_types/ HTTP/1.1" 200 771
INFO 2020-10-08 00:00:10,080 basehttp 154 "OPTIONS /meiduo_admin/permission/perms/ HTTP/1.1" 200 0
INFO 2020-10-08 00:00:10,404 basehttp 154 "POST /meiduo_admin/permission/perms/ HTTP/1.1" 201 90
INFO 2020-10-08 00:00:10,525 basehttp 154 "OPTIONS /meiduo_admin/permission/perms/?page=1&pagesize=10 HTTP/1.1" 200 0
INFO 2020-10-08 00:00:10,619 basehttp 154 "GET /meiduo_admin/permission/perms/?page=1&pagesize=10 HTTP/1.1" 200 455
INFO 2020-10-08 00:00:56,250 basehttp 154 "OPTIONS /meiduo_admin/permission/content_types/ HTTP/1.1" 200 0
INFO 2020-10-08 00:00:56,270 basehttp 154 "OPTIONS /meiduo_admin/permission/content_types/ HTTP/1.1" 200 0
INFO 2020-10-08 00:00:56,316 basehttp 154 "GET /meiduo_admin/permission/perms/?page=1&pagesize=10 HTTP/1.1" 200 455
INFO 2020-10-08 00:00:57,528 basehttp 154 "GET /meiduo_admin/permission/content_types/ HTTP/1.1" 200 771
INFO 2020-10-08 00:00:57,564 basehttp 154 "GET /meiduo_admin/permission/content_types/ HTTP/1.1" 200 771
INFO 2020-10-08 00:02:27,512 basehttp 154 "OPTIONS /meiduo_admin/permission/perms/?page=16&pagesize=10 HTTP/1.1" 200 0
INFO 2020-10-08 00:02:27,606 basehttp 154 "GET /meiduo_admin/permission/perms/?page=16&pagesize=10 HTTP/1.1" 200 148
INFO 2020-10-08 00:04:37,162 basehttp 154 "OPTIONS /meiduo_admin/permission/perms/76/ HTTP/1.1" 200 0
INFO 2020-10-08 00:04:37,465 basehttp 154 "GET /meiduo_admin/permission/perms/76/ HTTP/1.1" 200 90
INFO 2020-10-08 00:04:42,445 basehttp 154 "PUT /meiduo_admin/permission/perms/76/ HTTP/1.1" 200 91
INFO 2020-10-08 00:04:42,593 basehttp 154 "GET /meiduo_admin/permission/perms/?page=1&pagesize=10 HTTP/1.1" 200 455
INFO 2020-10-08 00:04:44,499 basehttp 154 "GET /meiduo_admin/permission/perms/?page=16&pagesize=10 HTTP/1.1" 200 149
INFO 2020-10-08 00:05:07,399 basehttp 154 "DELETE /meiduo_admin/permission/perms/76/ HTTP/1.1" 204 0
INFO 2020-10-08 00:05:07,484 basehttp 154 "GET /meiduo_admin/permission/perms/?page=1&pagesize=10 HTTP/1.1" 200 455
INFO 2020-10-08 00:09:03,466 basehttp 154 "OPTIONS /meiduo_admin/permission/simple/ HTTP/1.1" 200 0
INFO 2020-10-08 00:09:03,477 basehttp 154 "OPTIONS /meiduo_admin/permission/simple/ HTTP/1.1" 200 0
INFO 2020-10-08 00:09:03,484 basehttp 154 "OPTIONS /meiduo_admin/permission/groups/?page=1&pagesize=10 HTTP/1.1" 200 0
INFO 2020-10-08 00:09:03,568 basehttp 154 "GET /meiduo_admin/permission/simple/ HTTP/1.1" 200 3097
INFO 2020-10-08 00:09:03,618 basehttp 154 "GET /meiduo_admin/permission/groups/?page=1&pagesize=10 HTTP/1.1" 200 55
INFO 2020-10-08 00:09:03,699 basehttp 154 "GET /meiduo_admin/permission/simple/ HTTP/1.1" 200 3097
INFO 2020-10-08 00:18:41,513 basehttp 154 "OPTIONS /meiduo_admin/permission/content_types/ HTTP/1.1" 200 0
INFO 2020-10-08 00:18:41,546 basehttp 154 "OPTIONS /meiduo_admin/permission/perms/?page=1&pagesize=10 HTTP/1.1" 200 0
INFO 2020-10-08 00:18:41,551 basehttp 154 "OPTIONS /meiduo_admin/permission/content_types/ HTTP/1.1" 200 0
INFO 2020-10-08 00:18:41,593 basehttp 154 "GET /meiduo_admin/permission/content_types/ HTTP/1.1" 200 771
INFO 2020-10-08 00:18:41,605 basehttp 154 "GET /meiduo_admin/permission/perms/?page=1&pagesize=10 HTTP/1.1" 200 455
INFO 2020-10-08 00:18:41,672 basehttp 154 "GET /meiduo_admin/permission/content_types/ HTTP/1.1" 200 771
INFO 2020-10-08 00:18:44,246 basehttp 154 "OPTIONS /meiduo_admin/permission/perms/?page=15&pagesize=10 HTTP/1.1" 200 0
INFO 2020-10-08 00:18:44,292 basehttp 154 "GET /meiduo_admin/permission/perms/?page=15&pagesize=10 HTTP/1.1" 200 448
INFO 2020-10-08 00:22:58,171 basehttp 154 "OPTIONS /meiduo_admin/permission/simple/ HTTP/1.1" 200 0
INFO 2020-10-08 00:22:58,199 basehttp 154 "OPTIONS /meiduo_admin/permission/simple/ HTTP/1.1" 200 0
INFO 2020-10-08 00:22:58,201 basehttp 154 "OPTIONS /meiduo_admin/permission/groups/?page=1&pagesize=10 HTTP/1.1" 200 0
INFO 2020-10-08 00:22:58,287 basehttp 154 "GET /meiduo_admin/permission/simple/ HTTP/1.1" 200 3097
INFO 2020-10-08 00:22:58,294 basehttp 154 "GET /meiduo_admin/permission/groups/?page=1&pagesize=10 HTTP/1.1" 200 55
INFO 2020-10-08 00:22:58,384 basehttp 154 "GET /meiduo_admin/permission/simple/ HTTP/1.1" 200 3097
INFO 2020-10-08 01:24:19,178 basehttp 154 "OPTIONS /meiduo_admin/permission/simple/ HTTP/1.1" 200 0
INFO 2020-10-08 01:24:19,182 basehttp 154 "OPTIONS /meiduo_admin/permission/simple/ HTTP/1.1" 200 0
INFO 2020-10-08 01:24:19,248 basehttp 154 "OPTIONS /meiduo_admin/permission/groups/?page=1&pagesize=10 HTTP/1.1" 200 0
INFO 2020-10-08 01:24:19,991 basehttp 154 "GET /meiduo_admin/permission/simple/ HTTP/1.1" 200 3097
INFO 2020-10-08 01:24:20,030 basehttp 154 "GET /meiduo_admin/permission/groups/?page=1&pagesize=10 HTTP/1.1" 200 55
INFO 2020-10-08 01:24:20,161 basehttp 154 "GET /meiduo_admin/permission/simple/ HTTP/1.1" 200 3097
INFO 2020-10-08 01:33:06,686 basehttp 154 "OPTIONS /meiduo_admin/permission/groups/simple/ HTTP/1.1" 200 0
INFO 2020-10-08 01:33:06,688 basehttp 154 "OPTIONS /meiduo_admin/permission/groups/simple/ HTTP/1.1" 200 0
INFO 2020-10-08 01:33:06,703 basehttp 154 "OPTIONS /meiduo_admin/permission/admins/?page=1&pagesize=10 HTTP/1.1" 200 0
INFO 2020-10-08 01:33:06,752 basehttp 154 "GET /meiduo_admin/permission/simple/ HTTP/1.1" 200 3097
INFO 2020-10-08 01:33:06,934 basehttp 154 "GET /meiduo_admin/permission/admins/?page=1&pagesize=10 HTTP/1.1" 200 146
INFO 2020-10-08 01:33:07,003 basehttp 154 "GET /meiduo_admin/permission/groups/simple/ HTTP/1.1" 200 2
INFO 2020-10-08 01:33:07,094 basehttp 154 "GET /meiduo_admin/permission/simple/ HTTP/1.1" 200 3097
INFO 2020-10-08 01:33:07,118 basehttp 154 "GET /meiduo_admin/permission/groups/simple/ HTTP/1.1" 200 2
INFO 2020-10-08 01:33:11,110 basehttp 154 "GET /meiduo_admin/permission/simple/ HTTP/1.1" 200 3097
INFO 2020-10-08 01:33:11,111 basehttp 154 "GET /meiduo_admin/permission/groups/?page=1&pagesize=10 HTTP/1.1" 200 55
INFO 2020-10-08 01:33:11,153 basehttp 154 "GET /meiduo_admin/permission/simple/ HTTP/1.1" 200 3097
INFO 2020-10-08 01:33:12,457 basehttp 154 "GET /meiduo_admin/permission/simple/ HTTP/1.1" 200 3097
INFO 2020-10-08 01:33:12,522 basehttp 154 "GET /meiduo_admin/permission/groups/simple/ HTTP/1.1" 200 2
INFO 2020-10-08 01:33:12,536 basehttp 154 "GET /meiduo_admin/permission/admins/?page=1&pagesize=10 HTTP/1.1" 200 146
INFO 2020-10-08 01:33:12,577 basehttp 154 "GET /meiduo_admin/permission/simple/ HTTP/1.1" 200 3097
INFO 2020-10-08 01:33:12,626 basehttp 154 "GET /meiduo_admin/permission/groups/simple/ HTTP/1.1" 200 2
INFO 2020-10-08 01:33:13,740 basehttp 154 "GET /meiduo_admin/permission/groups/?page=1&pagesize=10 HTTP/1.1" 200 55
INFO 2020-10-08 01:33:13,755 basehttp 154 "GET /meiduo_admin/permission/simple/ HTTP/1.1" 200 3097
INFO 2020-10-08 01:33:13,815 basehttp 154 "GET /meiduo_admin/permission/simple/ HTTP/1.1" 200 3097
INFO 2020-10-08 01:33:15,128 basehttp 154 "GET /meiduo_admin/permission/groups/simple/ HTTP/1.1" 200 2
INFO 2020-10-08 01:33:15,176 basehttp 154 "GET /meiduo_admin/permission/simple/ HTTP/1.1" 200 3097
INFO 2020-10-08 01:33:15,219 basehttp 154 "GET /meiduo_admin/permission/groups/simple/ HTTP/1.1" 200 2
INFO 2020-10-08 01:33:15,289 basehttp 154 "GET /meiduo_admin/permission/admins/?page=1&pagesize=10 HTTP/1.1" 200 146
INFO 2020-10-08 01:33:15,300 basehttp 154 "GET /meiduo_admin/permission/simple/ HTTP/1.1" 200 3097
INFO 2020-10-08 01:33:16,440 basehttp 154 "GET /meiduo_admin/permission/simple/ HTTP/1.1" 200 3097
INFO 2020-10-08 01:33:16,500 basehttp 154 "GET /meiduo_admin/permission/simple/ HTTP/1.1" 200 3097
INFO 2020-10-08 01:33:16,501 basehttp 154 "GET /meiduo_admin/permission/groups/?page=1&pagesize=10 HTTP/1.1" 200 55
INFO 2020-10-08 01:33:17,611 basehttp 154 "OPTIONS /meiduo_admin/permission/content_types/ HTTP/1.1" 200 0
INFO 2020-10-08 01:33:17,613 basehttp 154 "OPTIONS /meiduo_admin/permission/content_types/ HTTP/1.1" 200 0
INFO 2020-10-08 01:33:17,618 basehttp 154 "OPTIONS /meiduo_admin/permission/perms/?page=1&pagesize=10 HTTP/1.1" 200 0
INFO 2020-10-08 01:33:17,652 basehttp 154 "GET /meiduo_admin/permission/content_types/ HTTP/1.1" 200 771
INFO 2020-10-08 01:33:17,752 basehttp 154 "GET /meiduo_admin/permission/perms/?page=1&pagesize=10 HTTP/1.1" 200 455
INFO 2020-10-08 01:33:17,791 basehttp 154 "GET /meiduo_admin/permission/content_types/ HTTP/1.1" 200 771
INFO 2020-10-08 01:33:19,130 basehttp 154 "GET /meiduo_admin/permission/simple/ HTTP/1.1" 200 3097
INFO 2020-10-08 01:33:19,131 basehttp 154 "GET /meiduo_admin/permission/groups/?page=1&pagesize=10 HTTP/1.1" 200 55
INFO 2020-10-08 01:33:19,232 basehttp 154 "GET /meiduo_admin/permission/simple/ HTTP/1.1" 200 3097
INFO 2020-10-08 01:33:22,062 basehttp 154 "OPTIONS /meiduo_admin/orders/?page=1&pagesize=10&keyword= HTTP/1.1" 200 0
WARNING 2020-10-08 01:33:22,218 log 228 Not Found: /meiduo_admin/orders/
WARNING 2020-10-08 01:33:22,219 basehttp 154 "GET /meiduo_admin/orders/?page=1&pagesize=10&keyword= HTTP/1.1" 404 10382
INFO 2020-10-08 01:33:26,456 basehttp 154 "OPTIONS /meiduo_admin/goods/simple/ HTTP/1.1" 200 0
INFO 2020-10-08 01:33:26,467 basehttp 154 "OPTIONS /meiduo_admin/skus/?page=1&pagesize=10&keyword= HTTP/1.1" 200 0
INFO 2020-10-08 01:33:26,472 basehttp 154 "OPTIONS /meiduo_admin/goods/simple/ HTTP/1.1" 200 0
WARNING 2020-10-08 01:33:26,509 log 228 Not Found: /meiduo_admin/skus/
WARNING 2020-10-08 01:33:26,521 basehttp 154 "GET /meiduo_admin/skus/?page=1&pagesize=10&keyword= HTTP/1.1" 404 10376
WARNING 2020-10-08 01:33:26,526 log 228 Not Found: /meiduo_admin/goods/simple/
WARNING 2020-10-08 01:33:26,527 basehttp 154 "GET /meiduo_admin/goods/simple/ HTTP/1.1" 404 10364
WARNING 2020-10-08 01:33:26,594 log 228 Not Found: /meiduo_admin/goods/simple/
WARNING 2020-10-08 01:33:26,595 basehttp 154 "GET /meiduo_admin/goods/simple/ HTTP/1.1" 404 10364
INFO 2020-10-08 01:33:27,547 basehttp 154 "OPTIONS /meiduo_admin/goods/?page=1&pagesize=10 HTTP/1.1" 200 0
WARNING 2020-10-08 01:33:27,627 log 228 Not Found: /meiduo_admin/goods/
WARNING 2020-10-08 01:33:27,637 basehttp 154 "GET /meiduo_admin/goods/?page=1&pagesize=10 HTTP/1.1" 404 10366
INFO 2020-10-08 01:33:28,378 basehttp 154 "OPTIONS /meiduo_admin/goods/specs/?page=1&pagesize=10 HTTP/1.1" 200 0
WARNING 2020-10-08 01:33:28,410 log 228 Not Found: /meiduo_admin/goods/simple/
WARNING 2020-10-08 01:33:28,425 log 228 Not Found: /meiduo_admin/goods/specs/
WARNING 2020-10-08 01:33:28,426 basehttp 154 "GET /meiduo_admin/goods/simple/ HTTP/1.1" 404 10364
WARNING 2020-10-08 01:33:28,426 basehttp 154 "GET /meiduo_admin/goods/specs/?page=1&pagesize=10 HTTP/1.1" 404 10384
WARNING 2020-10-08 01:33:28,442 log 228 Not Found: /meiduo_admin/goods/simple/
WARNING 2020-10-08 01:33:28,443 basehttp 154 "GET /meiduo_admin/goods/simple/ HTTP/1.1" 404 10364
INFO 2020-10-08 01:33:29,377 basehttp 154 "OPTIONS /meiduo_admin/goods/specs/simple/ HTTP/1.1" 200 0
INFO 2020-10-08 01:33:29,380 basehttp 154 "OPTIONS /meiduo_admin/goods/specs/simple/ HTTP/1.1" 200 0
INFO 2020-10-08 01:33:29,382 basehttp 154 "OPTIONS /meiduo_admin/specs/options/?page=1&pagesize=10 HTTP/1.1" 200 0
WARNING 2020-10-08 01:33:29,445 log 228 Not Found: /meiduo_admin/goods/specs/simple/
WARNING 2020-10-08 01:33:29,488 basehttp 154 "GET /meiduo_admin/goods/specs/simple/ HTTP/1.1" 404 10382
WARNING 2020-10-08 01:33:29,549 log 228 Not Found: /meiduo_admin/specs/options/
WARNING 2020-10-08 01:33:29,550 basehttp 154 "GET /meiduo_admin/specs/options/?page=1&pagesize=10 HTTP/1.1" 404 10390
WARNING 2020-10-08 01:33:29,562 log 228 Not Found: /meiduo_admin/goods/specs/simple/
WARNING 2020-10-08 01:33:29,576 basehttp 154 "GET /meiduo_admin/goods/specs/simple/ HTTP/1.1" 404 10382
INFO 2020-10-08 01:33:30,133 basehttp 154 "OPTIONS /meiduo_admin/goods/channel_types/ HTTP/1.1" 200 0
INFO 2020-10-08 01:33:30,135 basehttp 154 "OPTIONS /meiduo_admin/goods/categories/ HTTP/1.1" 200 0
INFO 2020-10-08 01:33:30,141 basehttp 154 "OPTIONS /meiduo_admin/goods/categories/ HTTP/1.1" 200 0
INFO 2020-10-08 01:33:30,142 basehttp 154 "OPTIONS /meiduo_admin/goods/channels/?page=1&pagesize=10 HTTP/1.1" 200 0
INFO 2020-10-08 01:33:30,147 basehttp 154 "OPTIONS /meiduo_admin/goods/channel_types/ HTTP/1.1" 200 0
WARNING 2020-10-08 01:33:30,246 log 228 Not Found: /meiduo_admin/goods/channel_types/
WARNING 2020-10-08 01:33:30,255 log 228 Not Found: /meiduo_admin/goods/channels/
WARNING 2020-10-08 01:33:30,258 basehttp 154 "GET /meiduo_admin/goods/channel_types/ HTTP/1.1" 404 10385
WARNING 2020-10-08 01:33:30,259 basehttp 154 "GET /meiduo_admin/goods/channels/?page=1&pagesize=10 HTTP/1.1" 404 10393
WARNING 2020-10-08 01:33:30,268 log 228 Not Found: /meiduo_admin/goods/categories/
WARNING 2020-10-08 01:33:30,273 basehttp 154 "GET /meiduo_admin/goods/categories/ HTTP/1.1" 404 10376
WARNING 2020-10-08 01:33:30,402 log 228 Not Found: /meiduo_admin/goods/channel_types/
WARNING 2020-10-08 01:33:30,410 basehttp 154 "GET /meiduo_admin/goods/channel_types/ HTTP/1.1" 404 10385
WARNING 2020-10-08 01:33:30,421 log 228 Not Found: /meiduo_admin/goods/categories/
WARNING 2020-10-08 01:33:30,428 basehttp 154 "GET /meiduo_admin/goods/categories/ HTTP/1.1" 404 10376
INFO 2020-10-08 01:33:30,952 basehttp 154 "OPTIONS /meiduo_admin/goods/brands/?page=1&pagesize=10 HTTP/1.1" 200 0
WARNING 2020-10-08 01:33:30,966 log 228 Not Found: /meiduo_admin/goods/channel_types/
WARNING 2020-10-08 01:33:30,968 basehttp 154 "GET /meiduo_admin/goods/channel_types/ HTTP/1.1" 404 10385
WARNING 2020-10-08 01:33:31,066 log 228 Not Found: /meiduo_admin/goods/categories/
WARNING 2020-10-08 01:33:31,069 basehttp 154 "GET /meiduo_admin/goods/categories/ HTTP/1.1" 404 10376
WARNING 2020-10-08 01:33:31,094 log 228 Not Found: /meiduo_admin/goods/brands/
WARNING 2020-10-08 01:33:31,098 basehttp 154 "GET /meiduo_admin/goods/brands/?page=1&pagesize=10 HTTP/1.1" 404 10387
INFO 2020-10-08 01:33:31,781 basehttp 154 "OPTIONS /meiduo_admin/skus/simple/ HTTP/1.1" 200 0
INFO 2020-10-08 01:33:31,784 basehttp 154 "OPTIONS /meiduo_admin/skus/images/?page=1&pagesize=10 HTTP/1.1" 200 0
INFO 2020-10-08 01:33:31,796 basehttp 154 "OPTIONS /meiduo_admin/skus/simple/ HTTP/1.1" 200 0
INFO 2020-10-08 01:33:31,972 basehttp 154 "GET /meiduo_admin/skus/simple/ HTTP/1.1" 200 1466
INFO 2020-10-08 01:33:32,230 basehttp 154 "GET /meiduo_admin/skus/simple/ HTTP/1.1" 200 1466
INFO 2020-10-08 01:33:32,256 basehttp 154 "GET /meiduo_admin/skus/images/?page=1&pagesize=10 HTTP/1.1" 200 851
INFO 2020-10-08 01:33:34,936 basehttp 154 "GET /meiduo_admin/permission/content_types/ HTTP/1.1" 200 771
INFO 2020-10-08 01:33:34,962 basehttp 154 "GET /meiduo_admin/permission/perms/?page=1&pagesize=10 HTTP/1.1" 200 455
INFO 2020-10-08 01:33:34,978 basehttp 154 "GET /meiduo_admin/permission/content_types/ HTTP/1.1" 200 771
INFO 2020-10-08 01:33:40,174 basehttp 154 "GET /meiduo_admin/permission/groups/?page=1&pagesize=10 HTTP/1.1" 200 55
INFO 2020-10-08 01:33:40,182 basehttp 154 "GET /meiduo_admin/permission/simple/ HTTP/1.1" 200 3097
INFO 2020-10-08 01:33:40,304 basehttp 154 "GET /meiduo_admin/permission/simple/ HTTP/1.1" 200 3097
INFO 2020-10-08 01:33:42,248 basehttp 154 "GET /meiduo_admin/permission/content_types/ HTTP/1.1" 200 771
INFO 2020-10-08 01:33:42,296 basehttp 154 "GET /meiduo_admin/permission/perms/?page=1&pagesize=10 HTTP/1.1" 200 455
INFO 2020-10-08 01:33:42,320 basehttp 154 "GET /meiduo_admin/permission/content_types/ HTTP/1.1" 200 771
INFO 2020-10-08 01:33:43,900 basehttp 154 "GET /meiduo_admin/permission/groups/simple/ HTTP/1.1" 200 2
INFO 2020-10-08 01:33:43,932 basehttp 154 "GET /meiduo_admin/permission/simple/ HTTP/1.1" 200 3097
INFO 2020-10-08 01:33:43,950 basehttp 154 "GET /meiduo_admin/permission/groups/simple/ HTTP/1.1" 200 2
INFO 2020-10-08 01:33:44,017 basehttp 154 "GET /meiduo_admin/permission/simple/ HTTP/1.1" 200 3097
INFO 2020-10-08 01:33:44,033 basehttp 154 "GET /meiduo_admin/permission/admins/?page=1&pagesize=10 HTTP/1.1" 200 146
INFO 2020-10-08 01:33:49,543 basehttp 154 "OPTIONS /meiduo_admin/permission/admins/2/ HTTP/1.1" 200 0
WARNING 2020-10-08 01:33:49,901 log 228 Not Found: /meiduo_admin/permission/admins/2/
WARNING 2020-10-08 01:33:49,907 basehttp 154 "GET /meiduo_admin/permission/admins/2/ HTTP/1.1" 404 10385
INFO 2020-10-08 01:37:07,591 basehttp 154 "GET /meiduo_admin/permission/content_types/ HTTP/1.1" 200 771
INFO 2020-10-08 01:37:07,592 basehttp 154 "GET /meiduo_admin/permission/perms/?page=1&pagesize=10 HTTP/1.1" 200 455
INFO 2020-10-08 01:37:07,611 basehttp 154 "GET /meiduo_admin/permission/content_types/ HTTP/1.1" 200 771
INFO 2020-10-08 02:16:42,526 basehttp 154 "OPTIONS /meiduo_admin/permission/simple/ HTTP/1.1" 200 0
INFO 2020-10-08 02:16:42,529 basehttp 154 "OPTIONS /meiduo_admin/permission/simple/ HTTP/1.1" 200 0
INFO 2020-10-08 02:16:42,533 basehttp 154 "OPTIONS /meiduo_admin/permission/groups/?page=1&pagesize=10 HTTP/1.1" 200 0
INFO 2020-10-08 02:16:42,952 basehttp 154 "GET /meiduo_admin/permission/groups/?page=1&pagesize=10 HTTP/1.1" 200 55
INFO 2020-10-08 02:16:42,957 basehttp 154 "GET /meiduo_admin/permission/simple/ HTTP/1.1" 200 3097
INFO 2020-10-08 02:16:43,271 basehttp 154 "GET /meiduo_admin/permission/simple/ HTTP/1.1" 200 3097
INFO 2020-10-08 02:19:38,248 basehttp 154 "OPTIONS /meiduo_admin/permission/groups/ HTTP/1.1" 200 0
INFO 2020-10-08 02:19:38,613 basehttp 154 "POST /meiduo_admin/permission/groups/ HTTP/1.1" 201 67
INFO 2020-10-08 02:19:38,807 basehttp 154 "OPTIONS /meiduo_admin/permission/groups/?pagesize=10 HTTP/1.1" 200 0
INFO 2020-10-08 02:19:38,944 basehttp 154 "GET /meiduo_admin/permission/groups/?pagesize=10 HTTP/1.1" 200 122
INFO 2020-10-08 02:25:53,632 basehttp 154 "OPTIONS /meiduo_admin/permission/groups/simple/ HTTP/1.1" 200 0
INFO 2020-10-08 02:25:53,653 basehttp 154 "OPTIONS /meiduo_admin/permission/groups/simple/ HTTP/1.1" 200 0
INFO 2020-10-08 02:25:53,692 basehttp 154 "OPTIONS /meiduo_admin/permission/admins/?page=1&pagesize=10 HTTP/1.1" 200 0
INFO 2020-10-08 02:25:53,757 basehttp 154 "GET /meiduo_admin/permission/simple/ HTTP/1.1" 200 3097
INFO 2020-10-08 02:25:53,766 basehttp 154 "GET /meiduo_admin/permission/groups/simple/ HTTP/1.1" 200 35
INFO 2020-10-08 02:25:53,910 basehttp 154 "GET /meiduo_admin/permission/admins/?page=1&pagesize=10 HTTP/1.1" 200 146
INFO 2020-10-08 02:25:53,970 basehttp 154 "GET /meiduo_admin/permission/groups/simple/ HTTP/1.1" 200 35
INFO 2020-10-08 02:25:53,974 basehttp 154 "GET /meiduo_admin/permission/simple/ HTTP/1.1" 200 3097
INFO 2020-10-08 02:28:32,576 basehttp 154 "OPTIONS /meiduo_admin/permission/simple/ HTTP/1.1" 200 0
INFO 2020-10-08 02:28:32,584 basehttp 154 "OPTIONS /meiduo_admin/permission/simple/ HTTP/1.1" 200 0
INFO 2020-10-08 02:28:32,588 basehttp 154 "OPTIONS /meiduo_admin/permission/groups/?page=1&pagesize=10 HTTP/1.1" 200 0
INFO 2020-10-08 02:28:32,687 basehttp 154 "GET /meiduo_admin/permission/simple/ HTTP/1.1" 200 3097
INFO 2020-10-08 02:28:32,712 basehttp 154 "GET /meiduo_admin/permission/groups/?page=1&pagesize=10 HTTP/1.1" 200 122
INFO 2020-10-08 02:28:32,798 basehttp 154 "GET /meiduo_admin/permission/simple/ HTTP/1.1" 200 3097
INFO 2020-10-08 02:28:36,071 basehttp 154 "GET /meiduo_admin/permission/simple/ HTTP/1.1" 200 3097
INFO 2020-10-08 02:28:36,083 basehttp 154 "GET /meiduo_admin/permission/groups/simple/ HTTP/1.1" 200 35
INFO 2020-10-08 02:28:36,142 basehttp 154 "GET /meiduo_admin/permission/admins/?page=1&pagesize=10 HTTP/1.1" 200 146
INFO 2020-10-08 02:28:36,195 basehttp 154 "GET /meiduo_admin/permission/groups/simple/ HTTP/1.1" 200 35
INFO 2020-10-08 02:28:36,197 basehttp 154 "GET /meiduo_admin/permission/simple/ HTTP/1.1" 200 3097
INFO 2020-10-08 02:28:38,928 basehttp 154 "OPTIONS /meiduo_admin/permission/admins/2/ HTTP/1.1" 200 0
WARNING 2020-10-08 02:28:39,376 log 228 Not Found: /meiduo_admin/permission/admins/2/
WARNING 2020-10-08 02:28:39,377 basehttp 154 "GET /meiduo_admin/permission/admins/2/ HTTP/1.1" 404 10385
INFO 2020-10-08 02:44:45,232 basehttp 154 "OPTIONS /meiduo_admin/permission/admins/ HTTP/1.1" 200 0
INFO 2020-10-08 02:44:46,080 basehttp 154 "POST /meiduo_admin/permission/admins/ HTTP/1.1" 201 123
INFO 2020-10-08 02:44:46,166 basehttp 154 "OPTIONS /meiduo_admin/permission/admins/?pagesize=10 HTTP/1.1" 200 0
INFO 2020-10-08 02:44:46,341 basehttp 154 "GET /meiduo_admin/permission/admins/?pagesize=10 HTTP/1.1" 200 270
INFO 2020-10-08 02:57:21,663 basehttp 154 "OPTIONS /meiduo_admin/permission/admins/4/ HTTP/1.1" 200 0
WARNING 2020-10-08 02:57:21,951 log 228 Not Found: /meiduo_admin/permission/admins/4/
WARNING 2020-10-08 02:57:21,991 basehttp 154 "GET /meiduo_admin/permission/admins/4/ HTTP/1.1" 404 10385
WARNING 2020-10-08 03:01:46,986 log 228 Not Found: /meiduo_admin/permission/admins/4/
WARNING 2020-10-08 03:01:46,994 basehttp 154 "GET /meiduo_admin/permission/admins/4/ HTTP/1.1" 404 10385
WARNING 2020-10-08 03:01:52,354 log 228 Not Found: /meiduo_admin/permission/admins/4/
WARNING 2020-10-08 03:01:52,365 basehttp 154 "GET /meiduo_admin/permission/admins/4/ HTTP/1.1" 404 10385
INFO 2020-10-08 03:06:10,848 autoreload 597 Watching for file changes with StatReloader
INFO 2020-10-08 03:07:49,575 basehttp 154 "OPTIONS /meiduo_admin/permission/admins/4/ HTTP/1.1" 200 0
WARNING 2020-10-08 03:07:49,847 log 228 Not Found: /meiduo_admin/permission/admins/4/
WARNING 2020-10-08 03:07:49,876 basehttp 154 "GET /meiduo_admin/permission/admins/4/ HTTP/1.1" 404 10385
INFO 2020-10-08 03:08:16,657 basehttp 154 "OPTIONS /meiduo_admin/permission/simple/ HTTP/1.1" 200 0
INFO 2020-10-08 03:08:16,693 basehttp 154 "OPTIONS /meiduo_admin/permission/groups/simple/ HTTP/1.1" 200 0
INFO 2020-10-08 03:08:16,712 basehttp 154 "OPTIONS /meiduo_admin/permission/groups/simple/ HTTP/1.1" 200 0
INFO 2020-10-08 03:08:16,715 basehttp 154 "OPTIONS /meiduo_admin/permission/simple/ HTTP/1.1" 200 0
INFO 2020-10-08 03:08:16,730 basehttp 154 "OPTIONS /meiduo_admin/permission/admins/?page=1&pagesize=10 HTTP/1.1" 200 0
INFO 2020-10-08 03:08:17,776 basehttp 154 "GET /meiduo_admin/permission/groups/simple/ HTTP/1.1" 200 35
INFO 2020-10-08 03:08:17,808 basehttp 154 "GET /meiduo_admin/permission/simple/ HTTP/1.1" 200 3097
INFO 2020-10-08 03:08:17,874 basehttp 154 "GET /meiduo_admin/permission/groups/simple/ HTTP/1.1" 200 35
INFO 2020-10-08 03:08:17,927 basehttp 154 "GET /meiduo_admin/permission/simple/ HTTP/1.1" 200 3097
INFO 2020-10-08 03:08:17,983 basehttp 154 "GET /meiduo_admin/permission/admins/?page=1&pagesize=10 HTTP/1.1" 200 270
WARNING 2020-10-08 03:08:21,087 log 228 Not Found: /meiduo_admin/permission/admins/4/
WARNING 2020-10-08 03:08:21,093 basehttp 154 "GET /meiduo_admin/permission/admins/4/ HTTP/1.1" 404 10385
INFO 2020-10-08 03:08:31,883 basehttp 154 "OPTIONS /meiduo_admin/permission/admins/2/ HTTP/1.1" 200 0
WARNING 2020-10-08 03:08:32,016 log 228 Not Found: /meiduo_admin/permission/admins/2/
WARNING 2020-10-08 03:08:32,017 basehttp 154 "GET /meiduo_admin/permission/admins/2/ HTTP/1.1" 404 10385
WARNING 2020-10-08 03:09:07,315 log 228 Not Found: /meiduo_admin/permission/admins/4/
WARNING 2020-10-08 03:09:07,318 basehttp 154 "GET /meiduo_admin/permission/admins/4/ HTTP/1.1" 404 10385
INFO 2020-10-08 03:15:25,917 autoreload 597 Watching for file changes with StatReloader
INFO 2020-10-08 03:15:33,690 basehttp 154 "GET /meiduo_admin/permission/admins/4/ HTTP/1.1" 200 123
INFO 2020-10-08 03:20:32,483 basehttp 154 "OPTIONS /meiduo_admin/permission/admins/4/ HTTP/1.1" 200 0
INFO 2020-10-08 03:20:34,617 basehttp 154 "GET /meiduo_admin/permission/admins/4/ HTTP/1.1" 200 123
INFO 2020-10-08 03:33:31,755 autoreload 217 /home/ubuntu/Desktop/DRF/meiduo_code/meiduo_mall/meiduo_mall/apps/meiduo_admin/urls.py changed, reloading.
INFO 2020-10-08 03:33:33,143 autoreload 597 Watching for file changes with StatReloader
INFO 2020-10-08 03:37:25,492 autoreload 217 /home/ubuntu/Desktop/DRF/meiduo_code/meiduo_mall/meiduo_mall/apps/meiduo_admin/serializers/permissions.py changed, reloading.
INFO 2020-10-08 03:37:30,047 autoreload 597 Watching for file changes with StatReloader
INFO 2020-10-08 03:37:52,503 autoreload 217 /home/ubuntu/Desktop/DRF/meiduo_code/meiduo_mall/meiduo_mall/apps/meiduo_admin/serializers/permissions.py changed, reloading.
INFO 2020-10-08 03:37:54,069 autoreload 597 Watching for file changes with StatReloader
INFO 2020-10-08 03:38:00,091 basehttp 154 "OPTIONS /meiduo_admin/permission/admins/4/ HTTP/1.1" 200 0
INFO 2020-10-08 03:38:00,628 basehttp 154 "PUT /meiduo_admin/permission/admins/4/ HTTP/1.1" 200 120
INFO 2020-10-08 03:38:00,732 basehttp 154 "OPTIONS /meiduo_admin/permission/admins/?pagesize=10 HTTP/1.1" 200 0
INFO 2020-10-08 03:38:01,075 basehttp 154 "GET /meiduo_admin/permission/admins/?pagesize=10 HTTP/1.1" 200 267
INFO 2020-10-08 03:38:03,939 basehttp 154 "GET /meiduo_admin/permission/admins/4/ HTTP/1.1" 200 120
INFO 2020-10-08 04:06:57,496 autoreload 217 /home/ubuntu/Desktop/DRF/meiduo_code/meiduo_mall/meiduo_mall/apps/meiduo_admin/serializers/permissions.py changed, reloading.
INFO 2020-10-08 04:07:05,194 autoreload 597 Watching for file changes with StatReloader
INFO 2020-10-08 05:05:10,333 basehttp 154 "OPTIONS /meiduo_admin/permission/content_types/ HTTP/1.1" 200 0
INFO 2020-10-08 05:05:10,334 basehttp 154 "OPTIONS /meiduo_admin/permission/content_types/ HTTP/1.1" 200 0
INFO 2020-10-08 05:05:10,390 basehttp 154 "OPTIONS /meiduo_admin/permission/perms/?page=1&pagesize=10 HTTP/1.1" 200 0
INFO 2020-10-08 05:05:11,155 basehttp 154 "GET /meiduo_admin/permission/perms/?page=1&pagesize=10 HTTP/1.1" 200 455
INFO 2020-10-08 05:05:11,182 basehttp 154 "GET /meiduo_admin/permission/content_types/ HTTP/1.1" 200 771
INFO 2020-10-08 05:05:11,310 basehttp 154 "GET /meiduo_admin/permission/content_types/ HTTP/1.1" 200 771
INFO 2020-10-08 05:06:35,955 basehttp 154 "OPTIONS /meiduo_admin/permission/perms/ HTTP/1.1" 200 0
INFO 2020-10-08 05:06:36,111 basehttp 154 "POST /meiduo_admin/permission/perms/ HTTP/1.1" 201 90
INFO 2020-10-08 05:06:36,285 basehttp 154 "GET /meiduo_admin/permission/perms/?page=1&pagesize=10 HTTP/1.1" 200 455
INFO 2020-10-08 05:06:38,725 basehttp 154 "OPTIONS /meiduo_admin/permission/perms/?page=16&pagesize=10 HTTP/1.1" 200 0
INFO 2020-10-08 05:06:38,793 basehttp 154 "GET /meiduo_admin/permission/perms/?page=16&pagesize=10 HTTP/1.1" 200 148
INFO 2020-10-08 05:06:42,111 basehttp 154 "GET /meiduo_admin/permission/perms/?page=1&pagesize=10 HTTP/1.1" 200 455
INFO 2020-10-08 06:29:29,207 autoreload 217 /home/ubuntu/Desktop/DRF/meiduo_code/meiduo_mall/meiduo_mall/apps/meiduo_admin/views/users.py changed, reloading.
INFO 2020-10-08 06:29:32,080 autoreload 597 Watching for file changes with StatReloader
INFO 2020-10-08 06:29:42,650 basehttp 154 "OPTIONS /meiduo_admin/permission/perms/?page=3&pagesize=10 HTTP/1.1" 200 0
INFO 2020-10-08 06:29:42,855 basehttp 154 "GET /meiduo_admin/permission/perms/?page=3&pagesize=10 HTTP/1.1" 200 490
INFO 2020-10-08 06:29:44,168 basehttp 154 "OPTIONS /meiduo_admin/permission/perms/?page=1&pagesize=10 HTTP/1.1" 200 0
INFO 2020-10-08 06:29:44,235 basehttp 154 "GET /meiduo_admin/permission/perms/?page=1&pagesize=10 HTTP/1.1" 200 455
INFO 2020-10-08 06:29:45,979 basehttp 154 "OPTIONS /meiduo_admin/permission/perms/?page=16&pagesize=10 HTTP/1.1" 200 0
INFO 2020-10-08 06:29:46,066 basehttp 154 "GET /meiduo_admin/permission/perms/?page=16&pagesize=10 HTTP/1.1" 200 148
INFO 2020-10-08 06:29:48,954 basehttp 154 "OPTIONS /meiduo_admin/permission/perms/?page=15&pagesize=10 HTTP/1.1" 200 0
INFO 2020-10-08 06:29:49,030 basehttp 154 "GET /meiduo_admin/permission/perms/?page=15&pagesize=10 HTTP/1.1" 200 448
INFO 2020-10-08 06:29:58,407 basehttp 154 "OPTIONS /meiduo_admin/orders/?page=1&pagesize=10&keyword= HTTP/1.1" 200 0
WARNING 2020-10-08 06:29:58,686 log 228 Not Found: /meiduo_admin/orders/
WARNING 2020-10-08 06:29:58,689 basehttp 154 "GET /meiduo_admin/orders/?page=1&pagesize=10&keyword= HTTP/1.1" 404 10580
INFO 2020-10-08 06:30:02,983 basehttp 154 "OPTIONS /meiduo_admin/skus/simple/ HTTP/1.1" 200 0
INFO 2020-10-08 06:30:03,035 basehttp 154 "OPTIONS /meiduo_admin/skus/simple/ HTTP/1.1" 200 0
INFO 2020-10-08 06:30:03,043 basehttp 154 "OPTIONS /meiduo_admin/skus/images/?page=1&pagesize=10 HTTP/1.1" 200 0
INFO 2020-10-08 06:30:03,373 basehttp 154 "GET /meiduo_admin/skus/simple/ HTTP/1.1" 200 1466
INFO 2020-10-08 06:30:03,503 basehttp 154 "GET /meiduo_admin/skus/simple/ HTTP/1.1" 200 1466
INFO 2020-10-08 06:30:03,876 basehttp 154 "GET /meiduo_admin/skus/images/?page=1&pagesize=10 HTTP/1.1" 200 851
INFO 2020-10-08 06:30:05,474 basehttp 154 "OPTIONS /meiduo_admin/goods/channel_types/ HTTP/1.1" 200 0
INFO 2020-10-08 06:30:05,482 basehttp 154 "OPTIONS /meiduo_admin/goods/categories/ HTTP/1.1" 200 0
INFO 2020-10-08 06:30:05,488 basehttp 154 "OPTIONS /meiduo_admin/goods/brands/?page=1&pagesize=10 HTTP/1.1" 200 0
WARNING 2020-10-08 06:30:05,604 log 228 Not Found: /meiduo_admin/goods/channel_types/
WARNING 2020-10-08 06:30:05,604 basehttp 154 "GET /meiduo_admin/goods/channel_types/ HTTP/1.1" 404 10583
WARNING 2020-10-08 06:30:05,638 log 228 Not Found: /meiduo_admin/goods/categories/
WARNING 2020-10-08 06:30:05,689 basehttp 154 "GET /meiduo_admin/goods/categories/ HTTP/1.1" 404 10574
WARNING 2020-10-08 06:30:05,692 log 228 Not Found: /meiduo_admin/goods/brands/
WARNING 2020-10-08 06:30:05,693 basehttp 154 "GET /meiduo_admin/goods/brands/?page=1&pagesize=10 HTTP/1.1" 404 10585
INFO 2020-10-08 06:30:07,753 basehttp 154 "GET /meiduo_admin/skus/simple/ HTTP/1.1" 200 1466
INFO 2020-10-08 06:30:07,828 basehttp 154 "GET /meiduo_admin/skus/simple/ HTTP/1.1" 200 1466
INFO 2020-10-08 06:30:07,842 basehttp 154 "GET /meiduo_admin/skus/images/?page=1&pagesize=10 HTTP/1.1" 200 851
INFO 2020-10-08 06:30:12,249 basehttp 154 "OPTIONS /meiduo_admin/permission/content_types/ HTTP/1.1" 200 0
INFO 2020-10-08 06:30:12,258 basehttp 154 "OPTIONS /meiduo_admin/permission/content_types/ HTTP/1.1" 200 0
INFO 2020-10-08 06:30:12,299 basehttp 154 "GET /meiduo_admin/permission/perms/?page=1&pagesize=10 HTTP/1.1" 200 455
INFO 2020-10-08 06:30:12,346 basehttp 154 "GET /meiduo_admin/permission/content_types/ HTTP/1.1" 200 771
INFO 2020-10-08 06:30:12,516 basehttp 154 "GET /meiduo_admin/permission/content_types/ HTTP/1.1" 200 771
INFO 2020-10-08 06:55:46,949 basehttp 154 "OPTIONS /meiduo_admin/permission/simple/ HTTP/1.1" 200 0
INFO 2020-10-08 06:55:46,964 basehttp 154 "OPTIONS /meiduo_admin/permission/groups/?page=1&pagesize=10 HTTP/1.1" 200 0
INFO 2020-10-08 06:55:46,985 basehttp 154 "OPTIONS /meiduo_admin/permission/simple/ HTTP/1.1" 200 0
INFO 2020-10-08 06:55:47,520 basehttp 154 "GET /meiduo_admin/permission/simple/ HTTP/1.1" 200 3130
INFO 2020-10-08 06:55:47,593 basehttp 154 "GET /meiduo_admin/permission/groups/?page=1&pagesize=10 HTTP/1.1" 200 122
INFO 2020-10-08 06:55:47,786 basehttp 154 "GET /meiduo_admin/permission/simple/ HTTP/1.1" 200 3130
INFO 2020-10-08 06:55:49,168 basehttp 154 "OPTIONS /meiduo_admin/permission/groups/simple/ HTTP/1.1" 200 0
INFO 2020-10-08 06:55:49,181 basehttp 154 "OPTIONS /meiduo_admin/permission/groups/simple/ HTTP/1.1" 200 0
INFO 2020-10-08 06:55:49,312 basehttp 154 "OPTIONS /meiduo_admin/permission/admins/?page=1&pagesize=10 HTTP/1.1" 200 0
INFO 2020-10-08 06:55:49,324 basehttp 154 "GET /meiduo_admin/permission/simple/ HTTP/1.1" 200 3130
INFO 2020-10-08 06:55:49,468 basehttp 154 "GET /meiduo_admin/permission/simple/ HTTP/1.1" 200 3130
INFO 2020-10-08 06:55:49,527 basehttp 154 "GET /meiduo_admin/permission/groups/simple/ HTTP/1.1" 200 35
INFO 2020-10-08 06:55:49,664 basehttp 154 "GET /meiduo_admin/permission/groups/simple/ HTTP/1.1" 200 35
INFO 2020-10-08 06:55:49,786 basehttp 154 "GET /meiduo_admin/permission/admins/?page=1&pagesize=10 HTTP/1.1" 200 267
INFO 2020-10-08 06:55:59,673 basehttp 154 "OPTIONS /meiduo_admin/skus/simple/ HTTP/1.1" 200 0
INFO 2020-10-08 06:55:59,681 basehttp 154 "OPTIONS /meiduo_admin/skus/simple/ HTTP/1.1" 200 0
INFO 2020-10-08 06:55:59,693 basehttp 154 "OPTIONS /meiduo_admin/skus/images/?page=1&pagesize=10 HTTP/1.1" 200 0
INFO 2020-10-08 06:55:59,958 basehttp 154 "GET /meiduo_admin/skus/simple/ HTTP/1.1" 200 1466
INFO 2020-10-08 06:55:59,998 basehttp 154 "GET /meiduo_admin/skus/simple/ HTTP/1.1" 200 1466
INFO 2020-10-08 06:56:00,037 basehttp 154 "GET /meiduo_admin/skus/images/?page=1&pagesize=10 HTTP/1.1" 200 851
INFO 2020-10-08 06:56:15,156 basehttp 154 "OPTIONS /meiduo_admin/goods/simple/ HTTP/1.1" 200 0
INFO 2020-10-08 06:56:15,173 basehttp 154 "OPTIONS /meiduo_admin/skus/?page=1&pagesize=10&keyword= HTTP/1.1" 200 0
INFO 2020-10-08 06:56:15,186 basehttp 154 "OPTIONS /meiduo_admin/goods/simple/ HTTP/1.1" 200 0
WARNING 2020-10-08 06:56:15,461 log 228 Not Found: /meiduo_admin/goods/simple/
WARNING 2020-10-08 06:56:15,493 basehttp 154 "GET /meiduo_admin/goods/simple/ HTTP/1.1" 404 10562
WARNING 2020-10-08 06:56:15,562 log 228 Not Found: /meiduo_admin/skus/
WARNING 2020-10-08 06:56:15,576 log 228 Not Found: /meiduo_admin/goods/simple/
WARNING 2020-10-08 06:56:15,580 basehttp 154 "GET /meiduo_admin/skus/?page=1&pagesize=10&keyword= HTTP/1.1" 404 10574
WARNING 2020-10-08 06:56:15,638 basehttp 154 "GET /meiduo_admin/goods/simple/ HTTP/1.1" 404 10562
INFO 2020-10-08 06:56:25,392 basehttp 154 "OPTIONS /meiduo_admin/users/?page=1&pagesize=10&keyword= HTTP/1.1" 200 0
INFO 2020-10-08 06:56:25,658 basehttp 154 "GET /meiduo_admin/users/?page=1&pagesize=10&keyword= HTTP/1.1" 200 197
INFO 2020-10-11 06:39:02,555 autoreload 597 Watching for file changes with StatReloader
INFO 2020-10-11 06:39:53,874 basehttp 154 "OPTIONS /meiduo_admin/authorizations/ HTTP/1.1" 200 0
INFO 2020-10-11 06:39:54,470 basehttp 154 "POST /meiduo_admin/authorizations/ HTTP/1.1" 201 209
INFO 2020-10-11 06:39:54,920 basehttp 154 "OPTIONS /meiduo_admin/statistical/total_count/ HTTP/1.1" 200 0
INFO 2020-10-11 06:39:54,943 basehttp 154 "OPTIONS /meiduo_admin/statistical/day_increment/ HTTP/1.1" 200 0
INFO 2020-10-11 06:39:54,961 basehttp 154 "OPTIONS /meiduo_admin/statistical/day_active/ HTTP/1.1" 200 0
INFO 2020-10-11 06:39:54,986 basehttp 154 "OPTIONS /meiduo_admin/statistical/goods_day_views/ HTTP/1.1" 200 0
INFO 2020-10-11 06:39:54,998 basehttp 154 "OPTIONS /meiduo_admin/statistical/day_orders/ HTTP/1.1" 200 0
INFO 2020-10-11 06:39:55,006 basehttp 154 "OPTIONS /meiduo_admin/statistical/month_increment/ HTTP/1.1" 200 0
INFO 2020-10-11 06:39:55,049 basehttp 154 "OPTIONS /meiduo_admin/statistical/day_active/ HTTP/1.1" 200 0
INFO 2020-10-11 06:39:55,075 basehttp 154 "OPTIONS /meiduo_admin/statistical/day_orders/ HTTP/1.1" 200 0
WARNING 2020-10-11 06:39:55,361 log 228 Not Found: /meiduo_admin/statistical/day_increment/
WARNING 2020-10-11 06:39:55,361 basehttp 154 "GET /meiduo_admin/statistical/day_increment/ HTTP/1.1" 404 10601
INFO 2020-10-11 06:39:55,363 basehttp 154 "GET /meiduo_admin/statistical/day_orders/ HTTP/1.1" 200 31
WARNING 2020-10-11 06:39:55,366 log 228 Not Found: /meiduo_admin/statistical/total_count/
WARNING 2020-10-11 06:39:55,386 log 228 Not Found: /meiduo_admin/statistical/goods_day_views/
WARNING 2020-10-11 06:39:55,410 basehttp 154 "GET /meiduo_admin/statistical/goods_day_views/ HTTP/1.1" 404 10607
INFO 2020-10-11 06:39:55,413 basehttp 154 "GET /meiduo_admin/statistical/day_active/ HTTP/1.1" 200 31
WARNING 2020-10-11 06:39:55,414 basehttp 154 "GET /meiduo_admin/statistical/total_count/ HTTP/1.1" 404 10595
INFO 2020-10-11 06:39:55,480 basehttp 154 "GET /meiduo_admin/statistical/day_orders/ HTTP/1.1" 200 31
INFO 2020-10-11 06:39:55,519 basehttp 154 "GET /meiduo_admin/statistical/day_active/ HTTP/1.1" 200 31
INFO 2020-10-11 06:39:55,803 basehttp 154 "GET /meiduo_admin/statistical/month_increment/ HTTP/1.1" 200 961
INFO 2020-10-11 08:50:48,718 autoreload 217 /home/ubuntu/Desktop/DRF/meiduo_code/meiduo_mall/meiduo_mall/apps/meiduo_admin/views/users.py changed, reloading.
INFO 2020-10-11 08:50:53,577 autoreload 597 Watching for file changes with StatReloader
INFO 2020-10-11 09:39:38,889 basehttp 154 "OPTIONS /meiduo_admin/skus/?page=1&pagesize=10&keyword= HTTP/1.1" 200 0
INFO 2020-10-11 09:39:38,892 basehttp 154 "OPTIONS /meiduo_admin/goods/simple/ HTTP/1.1" 200 0
INFO 2020-10-11 09:39:38,894 basehttp 154 "OPTIONS /meiduo_admin/goods/simple/ HTTP/1.1" 200 0
WARNING 2020-10-11 09:39:39,496 log 228 Not Found: /meiduo_admin/skus/
WARNING 2020-10-11 09:39:39,538 log 228 Not Found: /meiduo_admin/goods/simple/
WARNING 2020-10-11 09:39:39,541 basehttp 154 "GET /meiduo_admin/goods/simple/ HTTP/1.1" 404 10562
WARNING 2020-10-11 09:39:39,550 basehttp 154 "GET /meiduo_admin/skus/?page=1&pagesize=10&keyword= HTTP/1.1" 404 10574
WARNING 2020-10-11 09:39:39,604 log 228 Not Found: /meiduo_admin/goods/simple/
WARNING 2020-10-11 09:39:39,605 basehttp 154 "GET /meiduo_admin/goods/simple/ HTTP/1.1" 404 10562
INFO 2020-10-11 09:39:42,269 basehttp 154 "OPTIONS /meiduo_admin/skus/simple/ HTTP/1.1" 200 0
INFO 2020-10-11 09:39:42,276 basehttp 154 "OPTIONS /meiduo_admin/skus/simple/ HTTP/1.1" 200 0
INFO 2020-10-11 09:39:42,282 basehttp 154 "OPTIONS /meiduo_admin/skus/images/?page=1&pagesize=10 HTTP/1.1" 200 0
WARNING 2020-10-11 09:39:42,388 log 228 Unauthorized: /meiduo_admin/skus/simple/
WARNING 2020-10-11 09:39:42,392 basehttp 154 "GET /meiduo_admin/skus/simple/ HTTP/1.1" 401 35
WARNING 2020-10-11 09:39:42,457 log 228 Unauthorized: /meiduo_admin/skus/simple/
WARNING 2020-10-11 09:39:42,480 basehttp 154 "GET /meiduo_admin/skus/simple/ HTTP/1.1" 401 35
INFO 2020-10-11 09:39:43,035 basehttp 154 "GET /meiduo_admin/skus/images/?page=1&pagesize=10 HTTP/1.1" 200 851
INFO 2020-10-11 09:40:18,962 basehttp 154 "GET /meiduo_admin/skus/simple/ HTTP/1.1" 200 1466
INFO 2020-10-11 09:40:19,112 basehttp 154 "GET /meiduo_admin/skus/simple/ HTTP/1.1" 200 1466
INFO 2020-10-11 09:40:19,124 basehttp 154 "GET /meiduo_admin/skus/images/?page=1&pagesize=10 HTTP/1.1" 200 851
INFO 2020-10-15 05:57:29,675 autoreload 597 Watching for file changes with StatReloader
WARNING 2020-10-15 06:01:07,347 log 228 Not Found: /
WARNING 2020-10-15 06:01:07,352 basehttp 154 "GET / HTTP/1.1" 404 7318
WARNING 2020-10-15 06:01:09,534 log 228 Not Found: /favicon.ico
WARNING 2020-10-15 06:01:09,549 basehttp 154 "GET /favicon.ico HTTP/1.1" 404 7369
INFO 2020-10-20 12:13:18,885 autoreload 597 Watching for file changes with StatReloader
INFO 2020-10-20 12:18:06,757 basehttp 154 "OPTIONS /login/ HTTP/1.1" 200 0
INFO 2020-10-20 12:18:07,257 basehttp 154 "POST /login/ HTTP/1.1" 200 27
INFO 2020-10-20 12:18:10,384 basehttp 154 "GET /carts/simple/ HTTP/1.1" 200 44
INFO 2020-10-21 11:18:47,628 autoreload 597 Watching for file changes with StatReloader
INFO 2020-10-21 11:21:47,533 basehttp 154 "POST /login/ HTTP/1.1" 200 93
INFO 2020-10-21 11:21:47,550 basehttp 154 "GET /addresses/ HTTP/1.1" 200 63
WARNING 2020-10-21 11:21:47,600 base 102 Method Not Allowed (GET): /browse_histories/
WARNING 2020-10-21 11:21:47,612 log 228 Method Not Allowed: /browse_histories/
WARNING 2020-10-21 11:21:47,613 basehttp 154 "GET /browse_histories/ HTTP/1.1" 405 0
INFO 2020-10-21 11:21:47,670 basehttp 154 "GET /info/ HTTP/1.1" 200 77
INFO 2020-10-21 11:21:47,716 basehttp 154 "DELETE /logout/ HTTP/1.1" 200 27
ERROR 2020-10-21 11:49:12,968 log 228 Internal Server Error: /login/
Traceback (most recent call last):
  File "/home/ubuntu/.virtualenvs/meiduo_mall/lib/python3.6/site-packages/django/core/handlers/exception.py", line 34, in inner
    response = get_response(request)
  File "/home/ubuntu/.virtualenvs/meiduo_mall/lib/python3.6/site-packages/django/core/handlers/base.py", line 115, in _get_response
    response = self.process_exception_by_middleware(e, request)
  File "/home/ubuntu/.virtualenvs/meiduo_mall/lib/python3.6/site-packages/django/core/handlers/base.py", line 113, in _get_response
    response = wrapped_callback(request, *callback_args, **callback_kwargs)
  File "/home/ubuntu/.virtualenvs/meiduo_mall/lib/python3.6/site-packages/django/views/generic/base.py", line 71, in view
    return self.dispatch(request, *args, **kwargs)
  File "/home/ubuntu/.virtualenvs/meiduo_mall/lib/python3.6/site-packages/django/views/generic/base.py", line 97, in dispatch
    return handler(request, *args, **kwargs)
  File "/home/ubuntu/Desktop/DRF/meiduo_code/meiduo_mall/meiduo_mall/apps/users/views.py", line 494, in post
    dict = json.loads(request.body.decode())
  File "/usr/lib/python3.6/json/__init__.py", line 354, in loads
    return _default_decoder.decode(s)
  File "/usr/lib/python3.6/json/decoder.py", line 339, in decode
    obj, end = self.raw_decode(s, idx=_w(s, 0).end())
  File "/usr/lib/python3.6/json/decoder.py", line 357, in raw_decode
    raise JSONDecodeError("Expecting value", s, err.value) from None
json.decoder.JSONDecodeError: Expecting value: line 1 column 1 (char 0)
ERROR 2020-10-21 11:49:12,983 basehttp 154 "POST /login/ HTTP/1.1" 500 100676
ERROR 2020-10-21 11:50:57,053 log 228 Internal Server Error: /login/
Traceback (most recent call last):
  File "/home/ubuntu/.virtualenvs/meiduo_mall/lib/python3.6/site-packages/django/core/handlers/exception.py", line 34, in inner
    response = get_response(request)
  File "/home/ubuntu/.virtualenvs/meiduo_mall/lib/python3.6/site-packages/django/core/handlers/base.py", line 115, in _get_response
    response = self.process_exception_by_middleware(e, request)
  File "/home/ubuntu/.virtualenvs/meiduo_mall/lib/python3.6/site-packages/django/core/handlers/base.py", line 113, in _get_response
    response = wrapped_callback(request, *callback_args, **callback_kwargs)
  File "/home/ubuntu/.virtualenvs/meiduo_mall/lib/python3.6/site-packages/django/views/generic/base.py", line 71, in view
    return self.dispatch(request, *args, **kwargs)
  File "/home/ubuntu/.virtualenvs/meiduo_mall/lib/python3.6/site-packages/django/views/generic/base.py", line 97, in dispatch
    return handler(request, *args, **kwargs)
  File "/home/ubuntu/Desktop/DRF/meiduo_code/meiduo_mall/meiduo_mall/apps/users/views.py", line 494, in post
    dict = json.loads(request.body.decode())
  File "/usr/lib/python3.6/json/__init__.py", line 354, in loads
    return _default_decoder.decode(s)
  File "/usr/lib/python3.6/json/decoder.py", line 339, in decode
    obj, end = self.raw_decode(s, idx=_w(s, 0).end())
  File "/usr/lib/python3.6/json/decoder.py", line 357, in raw_decode
    raise JSONDecodeError("Expecting value", s, err.value) from None
json.decoder.JSONDecodeError: Expecting value: line 1 column 1 (char 0)
ERROR 2020-10-21 11:50:57,055 basehttp 154 "POST /login/ HTTP/1.1" 500 100676
ERROR 2020-10-21 11:51:10,305 log 228 Internal Server Error: /login/
Traceback (most recent call last):
  File "/home/ubuntu/.virtualenvs/meiduo_mall/lib/python3.6/site-packages/django/core/handlers/exception.py", line 34, in inner
    response = get_response(request)
  File "/home/ubuntu/.virtualenvs/meiduo_mall/lib/python3.6/site-packages/django/core/handlers/base.py", line 115, in _get_response
    response = self.process_exception_by_middleware(e, request)
  File "/home/ubuntu/.virtualenvs/meiduo_mall/lib/python3.6/site-packages/django/core/handlers/base.py", line 113, in _get_response
    response = wrapped_callback(request, *callback_args, **callback_kwargs)
  File "/home/ubuntu/.virtualenvs/meiduo_mall/lib/python3.6/site-packages/django/views/generic/base.py", line 71, in view
    return self.dispatch(request, *args, **kwargs)
  File "/home/ubuntu/.virtualenvs/meiduo_mall/lib/python3.6/site-packages/django/views/generic/base.py", line 97, in dispatch
    return handler(request, *args, **kwargs)
  File "/home/ubuntu/Desktop/DRF/meiduo_code/meiduo_mall/meiduo_mall/apps/users/views.py", line 494, in post
    dict = json.loads(request.body.decode())
  File "/usr/lib/python3.6/json/__init__.py", line 354, in loads
    return _default_decoder.decode(s)
  File "/usr/lib/python3.6/json/decoder.py", line 339, in decode
    obj, end = self.raw_decode(s, idx=_w(s, 0).end())
  File "/usr/lib/python3.6/json/decoder.py", line 357, in raw_decode
    raise JSONDecodeError("Expecting value", s, err.value) from None
json.decoder.JSONDecodeError: Expecting value: line 1 column 1 (char 0)
ERROR 2020-10-21 11:51:10,311 basehttp 154 "POST /login/ HTTP/1.1" 500 100676
INFO 2020-10-21 11:53:30,100 basehttp 154 "POST /login/ HTTP/1.1" 200 93
INFO 2020-10-21 11:53:55,976 basehttp 154 "POST /login/ HTTP/1.1" 200 93
ERROR 2020-10-21 11:54:33,021 log 228 Internal Server Error: /login/
Traceback (most recent call last):
  File "/home/ubuntu/.virtualenvs/meiduo_mall/lib/python3.6/site-packages/django/core/handlers/exception.py", line 34, in inner
    response = get_response(request)
  File "/home/ubuntu/.virtualenvs/meiduo_mall/lib/python3.6/site-packages/django/core/handlers/base.py", line 115, in _get_response
    response = self.process_exception_by_middleware(e, request)
  File "/home/ubuntu/.virtualenvs/meiduo_mall/lib/python3.6/site-packages/django/core/handlers/base.py", line 113, in _get_response
    response = wrapped_callback(request, *callback_args, **callback_kwargs)
  File "/home/ubuntu/.virtualenvs/meiduo_mall/lib/python3.6/site-packages/django/views/generic/base.py", line 71, in view
    return self.dispatch(request, *args, **kwargs)
  File "/home/ubuntu/.virtualenvs/meiduo_mall/lib/python3.6/site-packages/django/views/generic/base.py", line 97, in dispatch
    return handler(request, *args, **kwargs)
  File "/home/ubuntu/Desktop/DRF/meiduo_code/meiduo_mall/meiduo_mall/apps/users/views.py", line 494, in post
    dict = json.loads(request.body.decode())
  File "/usr/lib/python3.6/json/__init__.py", line 354, in loads
    return _default_decoder.decode(s)
  File "/usr/lib/python3.6/json/decoder.py", line 339, in decode
    obj, end = self.raw_decode(s, idx=_w(s, 0).end())
  File "/usr/lib/python3.6/json/decoder.py", line 357, in raw_decode
    raise JSONDecodeError("Expecting value", s, err.value) from None
json.decoder.JSONDecodeError: Expecting value: line 1 column 1 (char 0)
ERROR 2020-10-21 11:54:33,025 basehttp 154 "POST /login/ HTTP/1.1" 500 100666
ERROR 2020-10-21 11:55:05,041 log 228 Internal Server Error: /login/
Traceback (most recent call last):
  File "/home/ubuntu/.virtualenvs/meiduo_mall/lib/python3.6/site-packages/django/core/handlers/exception.py", line 34, in inner
    response = get_response(request)
  File "/home/ubuntu/.virtualenvs/meiduo_mall/lib/python3.6/site-packages/django/core/handlers/base.py", line 115, in _get_response
    response = self.process_exception_by_middleware(e, request)
  File "/home/ubuntu/.virtualenvs/meiduo_mall/lib/python3.6/site-packages/django/core/handlers/base.py", line 113, in _get_response
    response = wrapped_callback(request, *callback_args, **callback_kwargs)
  File "/home/ubuntu/.virtualenvs/meiduo_mall/lib/python3.6/site-packages/django/views/generic/base.py", line 71, in view
    return self.dispatch(request, *args, **kwargs)
  File "/home/ubuntu/.virtualenvs/meiduo_mall/lib/python3.6/site-packages/django/views/generic/base.py", line 97, in dispatch
    return handler(request, *args, **kwargs)
  File "/home/ubuntu/Desktop/DRF/meiduo_code/meiduo_mall/meiduo_mall/apps/users/views.py", line 494, in post
    dict = json.loads(request.body.decode())
  File "/usr/lib/python3.6/json/__init__.py", line 354, in loads
    return _default_decoder.decode(s)
  File "/usr/lib/python3.6/json/decoder.py", line 339, in decode
    obj, end = self.raw_decode(s, idx=_w(s, 0).end())
  File "/usr/lib/python3.6/json/decoder.py", line 357, in raw_decode
    raise JSONDecodeError("Expecting value", s, err.value) from None
json.decoder.JSONDecodeError: Expecting value: line 1 column 1 (char 0)
ERROR 2020-10-21 11:55:05,053 basehttp 154 "POST /login/ HTTP/1.1" 500 100676
INFO 2020-10-21 11:55:14,278 basehttp 154 "POST /login/ HTTP/1.1" 200 93
INFO 2020-10-21 11:55:28,725 basehttp 154 "POST /login/ HTTP/1.1" 200 27
INFO 2020-10-21 11:56:04,617 basehttp 154 "POST /login/ HTTP/1.1" 200 27
INFO 2020-10-21 11:56:04,651 basehttp 154 "GET /addresses/ HTTP/1.1" 200 72
WARNING 2020-10-21 11:56:04,699 base 102 Method Not Allowed (GET): /browse_histories/
WARNING 2020-10-21 11:56:04,700 log 228 Method Not Allowed: /browse_histories/
WARNING 2020-10-21 11:56:04,700 basehttp 154 "GET /browse_histories/ HTTP/1.1" 405 0
INFO 2020-10-21 11:56:04,760 basehttp 154 "GET /info/ HTTP/1.1" 200 120
INFO 2020-10-21 11:56:04,822 basehttp 154 "DELETE /logout/ HTTP/1.1" 200 27
INFO 2020-10-21 11:58:10,727 basehttp 154 "POST /login/ HTTP/1.1" 200 27
INFO 2020-10-21 11:58:10,749 basehttp 154 "GET /addresses/ HTTP/1.1" 200 72
INFO 2020-10-21 11:58:10,812 basehttp 154 "GET /info/ HTTP/1.1" 200 120
INFO 2020-10-21 11:58:10,867 basehttp 154 "DELETE /logout/ HTTP/1.1" 200 27
INFO 2020-10-21 12:00:47,016 basehttp 154 "POST /login/ HTTP/1.1" 200 27
ERROR 2020-10-21 12:00:56,386 log 228 Internal Server Error: /login/
Traceback (most recent call last):
  File "/home/ubuntu/.virtualenvs/meiduo_mall/lib/python3.6/site-packages/django/core/handlers/exception.py", line 34, in inner
    response = get_response(request)
  File "/home/ubuntu/.virtualenvs/meiduo_mall/lib/python3.6/site-packages/django/core/handlers/base.py", line 115, in _get_response
    response = self.process_exception_by_middleware(e, request)
  File "/home/ubuntu/.virtualenvs/meiduo_mall/lib/python3.6/site-packages/django/core/handlers/base.py", line 113, in _get_response
    response = wrapped_callback(request, *callback_args, **callback_kwargs)
  File "/home/ubuntu/.virtualenvs/meiduo_mall/lib/python3.6/site-packages/django/views/generic/base.py", line 71, in view
    return self.dispatch(request, *args, **kwargs)
  File "/home/ubuntu/.virtualenvs/meiduo_mall/lib/python3.6/site-packages/django/views/generic/base.py", line 97, in dispatch
    return handler(request, *args, **kwargs)
  File "/home/ubuntu/Desktop/DRF/meiduo_code/meiduo_mall/meiduo_mall/apps/users/views.py", line 494, in post
    dict = json.loads(request.body.decode())
  File "/usr/lib/python3.6/json/__init__.py", line 354, in loads
    return _default_decoder.decode(s)
  File "/usr/lib/python3.6/json/decoder.py", line 339, in decode
    obj, end = self.raw_decode(s, idx=_w(s, 0).end())
  File "/usr/lib/python3.6/json/decoder.py", line 357, in raw_decode
    raise JSONDecodeError("Expecting value", s, err.value) from None
json.decoder.JSONDecodeError: Expecting value: line 1 column 1 (char 0)
ERROR 2020-10-21 12:00:56,387 basehttp 154 "POST /login/ HTTP/1.1" 500 100666
ERROR 2020-10-21 12:04:08,345 log 228 Internal Server Error: /login/
Traceback (most recent call last):
  File "/home/ubuntu/.virtualenvs/meiduo_mall/lib/python3.6/site-packages/django/core/handlers/exception.py", line 34, in inner
    response = get_response(request)
  File "/home/ubuntu/.virtualenvs/meiduo_mall/lib/python3.6/site-packages/django/core/handlers/base.py", line 115, in _get_response
    response = self.process_exception_by_middleware(e, request)
  File "/home/ubuntu/.virtualenvs/meiduo_mall/lib/python3.6/site-packages/django/core/handlers/base.py", line 113, in _get_response
    response = wrapped_callback(request, *callback_args, **callback_kwargs)
  File "/home/ubuntu/.virtualenvs/meiduo_mall/lib/python3.6/site-packages/django/views/generic/base.py", line 71, in view
    return self.dispatch(request, *args, **kwargs)
  File "/home/ubuntu/.virtualenvs/meiduo_mall/lib/python3.6/site-packages/django/views/generic/base.py", line 97, in dispatch
    return handler(request, *args, **kwargs)
  File "/home/ubuntu/Desktop/DRF/meiduo_code/meiduo_mall/meiduo_mall/apps/users/views.py", line 494, in post
    dict = json.loads(request.body.decode())
  File "/usr/lib/python3.6/json/__init__.py", line 354, in loads
    return _default_decoder.decode(s)
  File "/usr/lib/python3.6/json/decoder.py", line 339, in decode
    obj, end = self.raw_decode(s, idx=_w(s, 0).end())
  File "/usr/lib/python3.6/json/decoder.py", line 357, in raw_decode
    raise JSONDecodeError("Expecting value", s, err.value) from None
json.decoder.JSONDecodeError: Expecting value: line 1 column 1 (char 0)
ERROR 2020-10-21 12:04:08,359 basehttp 154 "POST /login/ HTTP/1.1" 500 100666
ERROR 2020-10-21 12:04:14,614 log 228 Internal Server Error: /login/
Traceback (most recent call last):
  File "/home/ubuntu/.virtualenvs/meiduo_mall/lib/python3.6/site-packages/django/core/handlers/exception.py", line 34, in inner
    response = get_response(request)
  File "/home/ubuntu/.virtualenvs/meiduo_mall/lib/python3.6/site-packages/django/core/handlers/base.py", line 115, in _get_response
    response = self.process_exception_by_middleware(e, request)
  File "/home/ubuntu/.virtualenvs/meiduo_mall/lib/python3.6/site-packages/django/core/handlers/base.py", line 113, in _get_response
    response = wrapped_callback(request, *callback_args, **callback_kwargs)
  File "/home/ubuntu/.virtualenvs/meiduo_mall/lib/python3.6/site-packages/django/views/generic/base.py", line 71, in view
    return self.dispatch(request, *args, **kwargs)
  File "/home/ubuntu/.virtualenvs/meiduo_mall/lib/python3.6/site-packages/django/views/generic/base.py", line 97, in dispatch
    return handler(request, *args, **kwargs)
  File "/home/ubuntu/Desktop/DRF/meiduo_code/meiduo_mall/meiduo_mall/apps/users/views.py", line 494, in post
    dict = json.loads(request.body.decode())
  File "/usr/lib/python3.6/json/__init__.py", line 354, in loads
    return _default_decoder.decode(s)
  File "/usr/lib/python3.6/json/decoder.py", line 339, in decode
    obj, end = self.raw_decode(s, idx=_w(s, 0).end())
  File "/usr/lib/python3.6/json/decoder.py", line 357, in raw_decode
    raise JSONDecodeError("Expecting value", s, err.value) from None
json.decoder.JSONDecodeError: Expecting value: line 1 column 1 (char 0)
ERROR 2020-10-21 12:04:14,615 basehttp 154 "POST /login/ HTTP/1.1" 500 100666
ERROR 2020-10-21 12:04:45,172 log 228 Internal Server Error: /login/
Traceback (most recent call last):
  File "/home/ubuntu/.virtualenvs/meiduo_mall/lib/python3.6/site-packages/django/core/handlers/exception.py", line 34, in inner
    response = get_response(request)
  File "/home/ubuntu/.virtualenvs/meiduo_mall/lib/python3.6/site-packages/django/core/handlers/base.py", line 115, in _get_response
    response = self.process_exception_by_middleware(e, request)
  File "/home/ubuntu/.virtualenvs/meiduo_mall/lib/python3.6/site-packages/django/core/handlers/base.py", line 113, in _get_response
    response = wrapped_callback(request, *callback_args, **callback_kwargs)
  File "/home/ubuntu/.virtualenvs/meiduo_mall/lib/python3.6/site-packages/django/views/generic/base.py", line 71, in view
    return self.dispatch(request, *args, **kwargs)
  File "/home/ubuntu/.virtualenvs/meiduo_mall/lib/python3.6/site-packages/django/views/generic/base.py", line 97, in dispatch
    return handler(request, *args, **kwargs)
  File "/home/ubuntu/Desktop/DRF/meiduo_code/meiduo_mall/meiduo_mall/apps/users/views.py", line 494, in post
    dict = json.loads(request.body.decode())
  File "/usr/lib/python3.6/json/__init__.py", line 354, in loads
    return _default_decoder.decode(s)
  File "/usr/lib/python3.6/json/decoder.py", line 339, in decode
    obj, end = self.raw_decode(s, idx=_w(s, 0).end())
  File "/usr/lib/python3.6/json/decoder.py", line 357, in raw_decode
    raise JSONDecodeError("Expecting value", s, err.value) from None
json.decoder.JSONDecodeError: Expecting value: line 1 column 1 (char 0)
ERROR 2020-10-21 12:04:45,173 basehttp 154 "POST /login/ HTTP/1.1" 500 100666
ERROR 2020-10-21 12:04:58,516 log 228 Internal Server Error: /login/
Traceback (most recent call last):
  File "/home/ubuntu/.virtualenvs/meiduo_mall/lib/python3.6/site-packages/django/core/handlers/exception.py", line 34, in inner
    response = get_response(request)
  File "/home/ubuntu/.virtualenvs/meiduo_mall/lib/python3.6/site-packages/django/core/handlers/base.py", line 115, in _get_response
    response = self.process_exception_by_middleware(e, request)
  File "/home/ubuntu/.virtualenvs/meiduo_mall/lib/python3.6/site-packages/django/core/handlers/base.py", line 113, in _get_response
    response = wrapped_callback(request, *callback_args, **callback_kwargs)
  File "/home/ubuntu/.virtualenvs/meiduo_mall/lib/python3.6/site-packages/django/views/generic/base.py", line 71, in view
    return self.dispatch(request, *args, **kwargs)
  File "/home/ubuntu/.virtualenvs/meiduo_mall/lib/python3.6/site-packages/django/views/generic/base.py", line 97, in dispatch
    return handler(request, *args, **kwargs)
  File "/home/ubuntu/Desktop/DRF/meiduo_code/meiduo_mall/meiduo_mall/apps/users/views.py", line 494, in post
    dict = json.loads(request.body.decode())
  File "/usr/lib/python3.6/json/__init__.py", line 354, in loads
    return _default_decoder.decode(s)
  File "/usr/lib/python3.6/json/decoder.py", line 339, in decode
    obj, end = self.raw_decode(s, idx=_w(s, 0).end())
  File "/usr/lib/python3.6/json/decoder.py", line 357, in raw_decode
    raise JSONDecodeError("Expecting value", s, err.value) from None
json.decoder.JSONDecodeError: Expecting value: line 1 column 1 (char 0)
ERROR 2020-10-21 12:04:58,519 basehttp 154 "POST /login/ HTTP/1.1" 500 100666
ERROR 2020-10-21 12:05:24,826 log 228 Internal Server Error: /login/
Traceback (most recent call last):
  File "/home/ubuntu/.virtualenvs/meiduo_mall/lib/python3.6/site-packages/django/core/handlers/exception.py", line 34, in inner
    response = get_response(request)
  File "/home/ubuntu/.virtualenvs/meiduo_mall/lib/python3.6/site-packages/django/core/handlers/base.py", line 115, in _get_response
    response = self.process_exception_by_middleware(e, request)
  File "/home/ubuntu/.virtualenvs/meiduo_mall/lib/python3.6/site-packages/django/core/handlers/base.py", line 113, in _get_response
    response = wrapped_callback(request, *callback_args, **callback_kwargs)
  File "/home/ubuntu/.virtualenvs/meiduo_mall/lib/python3.6/site-packages/django/views/generic/base.py", line 71, in view
    return self.dispatch(request, *args, **kwargs)
  File "/home/ubuntu/.virtualenvs/meiduo_mall/lib/python3.6/site-packages/django/views/generic/base.py", line 97, in dispatch
    return handler(request, *args, **kwargs)
  File "/home/ubuntu/Desktop/DRF/meiduo_code/meiduo_mall/meiduo_mall/apps/users/views.py", line 494, in post
    dict = json.loads(request.body.decode())
  File "/usr/lib/python3.6/json/__init__.py", line 354, in loads
    return _default_decoder.decode(s)
  File "/usr/lib/python3.6/json/decoder.py", line 339, in decode
    obj, end = self.raw_decode(s, idx=_w(s, 0).end())
  File "/usr/lib/python3.6/json/decoder.py", line 357, in raw_decode
    raise JSONDecodeError("Expecting value", s, err.value) from None
json.decoder.JSONDecodeError: Expecting value: line 1 column 1 (char 0)
ERROR 2020-10-21 12:05:24,827 basehttp 154 "POST /login/ HTTP/1.1" 500 100666
INFO 2020-10-21 12:05:46,923 basehttp 154 "POST /login/ HTTP/1.1" 200 27
INFO 2020-10-21 12:13:44,704 basehttp 154 "POST /login/ HTTP/1.1" 200 93
INFO 2020-10-21 12:13:44,709 basehttp 154 "GET /addresses/ HTTP/1.1" 200 63
INFO 2020-10-21 12:13:44,757 basehttp 154 "GET /info/ HTTP/1.1" 200 77
INFO 2020-10-21 12:13:44,810 basehttp 154 "DELETE /logout/ HTTP/1.1" 200 27
INFO 2020-10-21 12:14:32,043 basehttp 154 "POST /login/ HTTP/1.1" 200 93
INFO 2020-10-21 12:14:32,046 basehttp 154 "GET /addresses/ HTTP/1.1" 200 63
INFO 2020-10-21 12:14:32,104 basehttp 154 "GET /info/ HTTP/1.1" 200 77
INFO 2020-10-21 12:14:32,154 basehttp 154 "DELETE /logout/ HTTP/1.1" 200 27
INFO 2020-10-21 12:15:47,033 basehttp 154 "POST /login/ HTTP/1.1" 200 27
INFO 2020-10-21 12:15:47,053 basehttp 154 "GET /addresses/ HTTP/1.1" 200 72
INFO 2020-10-21 12:15:47,111 basehttp 154 "GET /info/ HTTP/1.1" 200 120
INFO 2020-10-21 12:15:47,189 basehttp 154 "DELETE /logout/ HTTP/1.1" 200 27
INFO 2020-10-21 12:20:39,035 basehttp 154 "POST /login/ HTTP/1.1" 200 27
INFO 2020-10-21 12:29:00,255 basehttp 154 "POST /login/ HTTP/1.1" 200 27
INFO 2020-10-26 12:51:06,333 autoreload 597 Watching for file changes with StatReloader
INFO 2020-10-26 12:51:59,071 basehttp 154 "OPTIONS /login/ HTTP/1.1" 200 0
INFO 2020-10-26 12:52:05,546 basehttp 154 "OPTIONS /login/ HTTP/1.1" 200 0
INFO 2020-10-26 12:53:27,243 autoreload 597 Watching for file changes with StatReloader
INFO 2020-10-26 12:53:31,120 basehttp 154 "OPTIONS /login/ HTTP/1.1" 200 0
INFO 2020-10-26 12:53:31,713 basehttp 154 "POST /login/ HTTP/1.1" 200 27
INFO 2020-10-26 12:53:33,443 basehttp 154 "GET /carts/simple/ HTTP/1.1" 200 44
INFO 2020-10-26 12:56:20,213 basehttp 154 "GET /carts/simple/ HTTP/1.1" 200 44
INFO 2020-10-26 12:56:46,426 basehttp 154 "GET /carts/simple/ HTTP/1.1" 200 44
INFO 2020-10-26 12:56:58,127 basehttp 154 "OPTIONS /login/ HTTP/1.1" 200 0
INFO 2020-10-26 12:56:58,544 basehttp 154 "POST /login/ HTTP/1.1" 200 27
INFO 2020-10-26 12:56:59,746 basehttp 154 "GET /carts/simple/ HTTP/1.1" 200 44
INFO 2020-10-26 13:15:03,835 basehttp 154 "GET /carts/simple/ HTTP/1.1" 200 44
INFO 2020-10-26 13:16:03,032 basehttp 154 "GET /carts/simple/ HTTP/1.1" 200 44
INFO 2020-10-26 14:11:56,815 basehttp 154 "GET /carts/simple/ HTTP/1.1" 200 44
INFO 2020-10-26 14:12:16,131 basehttp 154 "GET /info/ HTTP/1.1" 200 77
WARNING 2020-10-26 14:12:16,147 base 102 Method Not Allowed (GET): /browse_histories/
WARNING 2020-10-26 14:12:16,163 log 228 Method Not Allowed: /browse_histories/
WARNING 2020-10-26 14:12:16,165 basehttp 154 "GET /browse_histories/ HTTP/1.1" 405 0
INFO 2020-10-26 14:12:33,764 basehttp 154 "OPTIONS /login/ HTTP/1.1" 200 0
INFO 2020-10-26 14:12:34,102 basehttp 154 "POST /login/ HTTP/1.1" 200 27
INFO 2020-10-26 14:12:34,733 basehttp 154 "GET /info/ HTTP/1.1" 200 77
WARNING 2020-10-26 14:12:34,761 base 102 Method Not Allowed (GET): /browse_histories/
WARNING 2020-10-26 14:12:34,763 log 228 Method Not Allowed: /browse_histories/
WARNING 2020-10-26 14:12:34,763 basehttp 154 "GET /browse_histories/ HTTP/1.1" 405 0
INFO 2020-10-26 14:12:54,469 basehttp 154 "POST /login/ HTTP/1.1" 200 27
INFO 2020-10-26 14:12:55,045 basehttp 154 "GET /info/ HTTP/1.1" 200 77
WARNING 2020-10-26 14:12:55,050 base 102 Method Not Allowed (GET): /browse_histories/
WARNING 2020-10-26 14:12:55,051 log 228 Method Not Allowed: /browse_histories/
WARNING 2020-10-26 14:12:55,052 basehttp 154 "GET /browse_histories/ HTTP/1.1" 405 0
INFO 2020-10-26 14:13:10,426 basehttp 154 "POST /login/ HTTP/1.1" 200 27
INFO 2020-10-26 14:13:10,917 basehttp 154 "GET /info/ HTTP/1.1" 200 77
WARNING 2020-10-26 14:13:10,935 base 102 Method Not Allowed (GET): /browse_histories/
WARNING 2020-10-26 14:13:10,936 log 228 Method Not Allowed: /browse_histories/
WARNING 2020-10-26 14:13:10,937 basehttp 154 "GET /browse_histories/ HTTP/1.1" 405 0
INFO 2020-10-26 14:14:02,406 basehttp 154 "POST /login/ HTTP/1.1" 200 27
INFO 2020-10-26 14:14:03,210 basehttp 154 "GET /info/ HTTP/1.1" 200 77
WARNING 2020-10-26 14:14:03,229 base 102 Method Not Allowed (GET): /browse_histories/
WARNING 2020-10-26 14:14:03,229 log 228 Method Not Allowed: /browse_histories/
WARNING 2020-10-26 14:14:03,234 basehttp 154 "GET /browse_histories/ HTTP/1.1" 405 0
INFO 2020-10-26 14:14:09,779 basehttp 154 "GET /carts/simple/ HTTP/1.1" 200 44
INFO 2020-10-26 14:14:20,241 basehttp 154 "POST /login/ HTTP/1.1" 200 27
INFO 2020-10-26 14:14:21,746 basehttp 154 "GET /carts/simple/ HTTP/1.1" 200 44
